<?xml version="1.0" encoding="UTF-8"?>
<testsuite name="kong.service.ReviewEventServiceTest" tests="14" skipped="0" failures="0" errors="0" timestamp="2022-06-27T06:23:20" hostname="DESKTOP-4AEDVQN" time="0.947">
  <properties/>
  <testcase name="리뷰 수정 시 회원 id와 장소 id로 리뷰 포인트 변경 이력 조회 확인1 - user가 2명 이상일 경우" classname="kong.service.ReviewEventServiceTest" time="0.492"/>
  <testcase name="첫 리뷰일 경우 보너스 점수 추가 확인" classname="kong.service.ReviewEventServiceTest" time="0.064"/>
  <testcase name="리뷰 등록 시 포인트 이력 생성 확인" classname="kong.service.ReviewEventServiceTest" time="0.032"/>
  <testcase name="리뷰 수정 시 포인트 변동 없으면 이력 생성 X 확인" classname="kong.service.ReviewEventServiceTest" time="0.042"/>
  <testcase name="리뷰 수정 시 회원 id와 장소 id로 리뷰 포인트 변경 이력 조회 확인1 - place가 2곳 이상일 경우" classname="kong.service.ReviewEventServiceTest" time="0.032"/>
  <testcase name="리뷰 삭제 시 포인트 회수 확인" classname="kong.service.ReviewEventServiceTest" time="0.027"/>
  <testcase name="사진만 첨부했을 경우 1포인트 저장 확인 보너스 X" classname="kong.service.ReviewEventServiceTest" time="0.032"/>
  <testcase name="리뷰 삭제 시 이력 생성 확인" classname="kong.service.ReviewEventServiceTest" time="0.03"/>
  <testcase name="첫 리뷰가 아닐 경우 보너스 점수 미적용 확인" classname="kong.service.ReviewEventServiceTest" time="0.03"/>
  <testcase name="content만 작성했을 경우 1포인트 저장 확인 보너스 X" classname="kong.service.ReviewEventServiceTest" time="0.029"/>
  <testcase name="리뷰 수정 시 포인트 감소 확인" classname="kong.service.ReviewEventServiceTest" time="0.028"/>
  <testcase name="리뷰 수정 시 포인트 증가 확인 - 글만 작성한 리뷰 -&gt; 사진 추가" classname="kong.service.ReviewEventServiceTest" time="0.027"/>
  <testcase name="리뷰 수정 시 포인트 이력 생성 확인" classname="kong.service.ReviewEventServiceTest" time="0.035"/>
  <testcase name="content 작성 사진 첨부 모두 했을 경우 2포인트 저장 확인 보너스 X" classname="kong.service.ReviewEventServiceTest" time="0.03"/>
  <system-out><![CDATA[15:23:14.443 [Test worker] DEBUG org.springframework.test.context.BootstrapUtils - Instantiating CacheAwareContextLoaderDelegate from class [org.springframework.test.context.cache.DefaultCacheAwareContextLoaderDelegate]
15:23:14.460 [Test worker] DEBUG org.springframework.test.context.BootstrapUtils - Instantiating BootstrapContext using constructor [public org.springframework.test.context.support.DefaultBootstrapContext(java.lang.Class,org.springframework.test.context.CacheAwareContextLoaderDelegate)]
15:23:14.505 [Test worker] DEBUG org.springframework.test.context.BootstrapUtils - Instantiating TestContextBootstrapper for test class [kong.service.ReviewEventServiceTest] from class [org.springframework.boot.test.context.SpringBootTestContextBootstrapper]
15:23:14.518 [Test worker] INFO org.springframework.boot.test.context.SpringBootTestContextBootstrapper - Neither @ContextConfiguration nor @ContextHierarchy found for test class [kong.service.ReviewEventServiceTest], using SpringBootContextLoader
15:23:14.524 [Test worker] DEBUG org.springframework.test.context.support.AbstractContextLoader - Did not detect default resource location for test class [kong.service.ReviewEventServiceTest]: class path resource [kong/service/ReviewEventServiceTest-context.xml] does not exist
15:23:14.524 [Test worker] DEBUG org.springframework.test.context.support.AbstractContextLoader - Did not detect default resource location for test class [kong.service.ReviewEventServiceTest]: class path resource [kong/service/ReviewEventServiceTestContext.groovy] does not exist
15:23:14.525 [Test worker] INFO org.springframework.test.context.support.AbstractContextLoader - Could not detect default resource locations for test class [kong.service.ReviewEventServiceTest]: no resource found for suffixes {-context.xml, Context.groovy}.
15:23:14.526 [Test worker] INFO org.springframework.test.context.support.AnnotationConfigContextLoaderUtils - Could not detect default configuration classes for test class [kong.service.ReviewEventServiceTest]: ReviewEventServiceTest does not declare any static, non-private, non-final, nested classes annotated with @Configuration.
15:23:14.578 [Test worker] DEBUG org.springframework.test.context.support.ActiveProfilesUtils - Could not find an 'annotation declaring class' for annotation type [org.springframework.test.context.ActiveProfiles] and class [kong.service.ReviewEventServiceTest]
15:23:14.654 [Test worker] DEBUG org.springframework.context.annotation.ClassPathScanningCandidateComponentProvider - Identified candidate component class: file [C:\Users\태현\Desktop\triple_api\triple_api\build\classes\java\main\kong\TripleApiApplication.class]
15:23:14.655 [Test worker] INFO org.springframework.boot.test.context.SpringBootTestContextBootstrapper - Found @SpringBootConfiguration kong.TripleApiApplication for test class kong.service.ReviewEventServiceTest
15:23:14.781 [Test worker] DEBUG org.springframework.boot.test.context.SpringBootTestContextBootstrapper - @TestExecutionListeners is not present for class [kong.service.ReviewEventServiceTest]: using defaults.
15:23:14.782 [Test worker] INFO org.springframework.boot.test.context.SpringBootTestContextBootstrapper - Loaded default TestExecutionListener class names from location [META-INF/spring.factories]: [org.springframework.boot.test.autoconfigure.restdocs.RestDocsTestExecutionListener, org.springframework.boot.test.autoconfigure.web.client.MockRestServiceServerResetTestExecutionListener, org.springframework.boot.test.autoconfigure.web.servlet.MockMvcPrintOnlyOnFailureTestExecutionListener, org.springframework.boot.test.autoconfigure.web.servlet.WebDriverTestExecutionListener, org.springframework.boot.test.autoconfigure.webservices.client.MockWebServiceServerTestExecutionListener, org.springframework.boot.test.mock.mockito.MockitoTestExecutionListener, org.springframework.boot.test.mock.mockito.ResetMocksTestExecutionListener, org.springframework.test.context.web.ServletTestExecutionListener, org.springframework.test.context.support.DirtiesContextBeforeModesTestExecutionListener, org.springframework.test.context.event.ApplicationEventsTestExecutionListener, org.springframework.test.context.support.DependencyInjectionTestExecutionListener, org.springframework.test.context.support.DirtiesContextTestExecutionListener, org.springframework.test.context.transaction.TransactionalTestExecutionListener, org.springframework.test.context.jdbc.SqlScriptsTestExecutionListener, org.springframework.test.context.event.EventPublishingTestExecutionListener]
15:23:14.799 [Test worker] INFO org.springframework.boot.test.context.SpringBootTestContextBootstrapper - Using TestExecutionListeners: [org.springframework.test.context.web.ServletTestExecutionListener@51b01960, org.springframework.test.context.support.DirtiesContextBeforeModesTestExecutionListener@6831d8fd, org.springframework.test.context.event.ApplicationEventsTestExecutionListener@27dc79f7, org.springframework.boot.test.mock.mockito.MockitoTestExecutionListener@6b85300e, org.springframework.boot.test.autoconfigure.SpringBootDependencyInjectionTestExecutionListener@3aaf4f07, org.springframework.test.context.support.DirtiesContextTestExecutionListener@5cbf9e9f, org.springframework.test.context.transaction.TransactionalTestExecutionListener@18e8473e, org.springframework.test.context.jdbc.SqlScriptsTestExecutionListener@5a2f016d, org.springframework.test.context.event.EventPublishingTestExecutionListener@1a38ba58, org.springframework.boot.test.autoconfigure.restdocs.RestDocsTestExecutionListener@3ad394e6, org.springframework.boot.test.autoconfigure.web.client.MockRestServiceServerResetTestExecutionListener@6058e535, org.springframework.boot.test.autoconfigure.web.servlet.MockMvcPrintOnlyOnFailureTestExecutionListener@42deb43a, org.springframework.boot.test.autoconfigure.web.servlet.WebDriverTestExecutionListener@1deb2c43, org.springframework.boot.test.autoconfigure.webservices.client.MockWebServiceServerTestExecutionListener@3bb9efbc, org.springframework.boot.test.mock.mockito.ResetMocksTestExecutionListener@1cefc4b3]
15:23:14.803 [Test worker] DEBUG org.springframework.test.context.support.AbstractDirtiesContextTestExecutionListener - Before test class: context [DefaultTestContext@27a0a5a2 testClass = ReviewEventServiceTest, testInstance = [null], testMethod = [null], testException = [null], mergedContextConfiguration = [WebMergedContextConfiguration@7692cd34 testClass = ReviewEventServiceTest, locations = '{}', classes = '{class kong.TripleApiApplication}', contextInitializerClasses = '[]', activeProfiles = '{}', propertySourceLocations = '{}', propertySourceProperties = '{org.springframework.boot.test.context.SpringBootTestContextBootstrapper=true}', contextCustomizers = set[org.springframework.boot.test.autoconfigure.actuate.metrics.MetricsExportContextCustomizerFactory$DisableMetricExportContextCustomizer@183e8023, org.springframework.boot.test.autoconfigure.properties.PropertyMappingContextCustomizer@0, org.springframework.boot.test.autoconfigure.web.servlet.WebDriverContextCustomizerFactory$Customizer@56bca85b, org.springframework.boot.test.context.filter.ExcludeFilterContextCustomizer@22b53226, org.springframework.boot.test.json.DuplicateJsonObjectContextCustomizerFactory$DuplicateJsonObjectContextCustomizer@ea9b7c6, org.springframework.boot.test.mock.mockito.MockitoContextCustomizer@0, org.springframework.boot.test.web.client.TestRestTemplateContextCustomizer@41813449, org.springframework.boot.test.context.SpringBootTestArgs@1, org.springframework.boot.test.context.SpringBootTestWebEnvironment@1ec9bd38], resourceBasePath = 'src/main/webapp', contextLoader = 'org.springframework.boot.test.context.SpringBootContextLoader', parent = [null]], attributes = map['org.springframework.test.context.web.ServletTestExecutionListener.activateListener' -> true]], class annotated with @DirtiesContext [false] with mode [null].

  .   ____          _            __ _ _
 /\\ / ___'_ __ _ _(_)_ __  __ _ \ \ \ \
( ( )\___ | '_ | '_| | '_ \/ _` | \ \ \ \
 \\/  ___)| |_)| | | | | || (_| |  ) ) ) )
  '  |____| .__|_| |_|_| |_\__, | / / / /
 =========|_|==============|___/=/_/_/_/
 :: Spring Boot ::                (v2.7.0)

2022-06-27 15:23:15.177  INFO 24364 --- [    Test worker] kong.service.ReviewEventServiceTest      : Starting ReviewEventServiceTest using Java 11.0.10 on DESKTOP-4AEDVQN with PID 24364 (started by 태현 in C:\Users\태현\Desktop\triple_api\triple_api)
2022-06-27 15:23:15.178  INFO 24364 --- [    Test worker] kong.service.ReviewEventServiceTest      : No active profile set, falling back to 1 default profile: "default"
2022-06-27 15:23:16.032  INFO 24364 --- [    Test worker] .s.d.r.c.RepositoryConfigurationDelegate : Bootstrapping Spring Data JPA repositories in DEFAULT mode.
2022-06-27 15:23:16.121  INFO 24364 --- [    Test worker] .s.d.r.c.RepositoryConfigurationDelegate : Finished Spring Data repository scanning in 80 ms. Found 5 JPA repository interfaces.
2022-06-27 15:23:16.785  INFO 24364 --- [    Test worker] com.zaxxer.hikari.HikariDataSource       : HikariPool-1 - Starting...
2022-06-27 15:23:17.001  INFO 24364 --- [    Test worker] com.zaxxer.hikari.HikariDataSource       : HikariPool-1 - Start completed.
2022-06-27 15:23:17.089  INFO 24364 --- [    Test worker] o.hibernate.jpa.internal.util.LogHelper  : HHH000204: Processing PersistenceUnitInfo [name: default]
2022-06-27 15:23:17.182  INFO 24364 --- [    Test worker] org.hibernate.Version                    : HHH000412: Hibernate ORM core version 5.6.9.Final
2022-06-27 15:23:17.444  INFO 24364 --- [    Test worker] o.hibernate.annotations.common.Version   : HCANN000001: Hibernate Commons Annotations {5.1.2.Final}
2022-06-27 15:23:17.638  INFO 24364 --- [    Test worker] org.hibernate.dialect.Dialect            : HHH000400: Using dialect: org.hibernate.dialect.MySQL57Dialect
2022-06-27 15:23:17.809  WARN 24364 --- [    Test worker] org.hibernate.cfg.AnnotationBinder       : HHH000457: Joined inheritance hierarchy [kong.point.domain.Point] defined explicit @DiscriminatorColumn.  Legacy Hibernate behavior was to ignore the @DiscriminatorColumn.  However, as part of issue HHH-6911 we now apply the explicit @DiscriminatorColumn.  If you would prefer the legacy behavior, enable the `hibernate.discriminator.ignore_explicit_for_joined` setting (hibernate.discriminator.ignore_explicit_for_joined=true)
2022-06-27 15:23:18.427  INFO 24364 --- [    Test worker] o.h.e.t.j.p.i.JtaPlatformInitiator       : HHH000490: Using JtaPlatform implementation: [org.hibernate.engine.transaction.jta.platform.internal.NoJtaPlatform]
2022-06-27 15:23:18.449  INFO 24364 --- [    Test worker] j.LocalContainerEntityManagerFactoryBean : Initialized JPA EntityManagerFactory for persistence unit 'default'
2022-06-27 15:23:19.527  WARN 24364 --- [    Test worker] JpaBaseConfiguration$JpaWebConfiguration : spring.jpa.open-in-view is enabled by default. Therefore, database queries may be performed during view rendering. Explicitly configure spring.jpa.open-in-view to disable this warning
2022-06-27 15:23:20.364  INFO 24364 --- [    Test worker] kong.service.ReviewEventServiceTest      : Started ReviewEventServiceTest in 5.523 seconds (JVM running for 7.135)
2022-06-27 15:23:20.411  INFO 24364 --- [    Test worker] o.s.t.c.transaction.TransactionContext   : Began transaction (1) for test context [DefaultTestContext@27a0a5a2 testClass = ReviewEventServiceTest, testInstance = kong.service.ReviewEventServiceTest@3ecc9baa, testMethod = reviewPointsByUserIdAndPlaceIdIfUserOver2@ReviewEventServiceTest, testException = [null], mergedContextConfiguration = [WebMergedContextConfiguration@7692cd34 testClass = ReviewEventServiceTest, locations = '{}', classes = '{class kong.TripleApiApplication}', contextInitializerClasses = '[]', activeProfiles = '{}', propertySourceLocations = '{}', propertySourceProperties = '{org.springframework.boot.test.context.SpringBootTestContextBootstrapper=true}', contextCustomizers = set[org.springframework.boot.test.autoconfigure.actuate.metrics.MetricsExportContextCustomizerFactory$DisableMetricExportContextCustomizer@183e8023, org.springframework.boot.test.autoconfigure.properties.PropertyMappingContextCustomizer@0, org.springframework.boot.test.autoconfigure.web.servlet.WebDriverContextCustomizerFactory$Customizer@56bca85b, org.springframework.boot.test.context.filter.ExcludeFilterContextCustomizer@22b53226, org.springframework.boot.test.json.DuplicateJsonObjectContextCustomizerFactory$DuplicateJsonObjectContextCustomizer@ea9b7c6, org.springframework.boot.test.mock.mockito.MockitoContextCustomizer@0, org.springframework.boot.test.web.client.TestRestTemplateContextCustomizer@41813449, org.springframework.boot.test.context.SpringBootTestArgs@1, org.springframework.boot.test.context.SpringBootTestWebEnvironment@1ec9bd38], resourceBasePath = 'src/main/webapp', contextLoader = 'org.springframework.boot.test.context.SpringBootContextLoader', parent = [null]], attributes = map['org.springframework.test.context.web.ServletTestExecutionListener.activateListener' -> true, 'org.springframework.test.context.web.ServletTestExecutionListener.populatedRequestContextHolder' -> true, 'org.springframework.test.context.web.ServletTestExecutionListener.resetRequestContextHolder' -> true, 'org.springframework.test.context.event.ApplicationEventsTestExecutionListener.recordApplicationEvents' -> false]]; transaction manager [org.springframework.orm.jpa.JpaTransactionManager@6447dc25]; rollback [true]
Hibernate: 
    insert 
    into
        user
        (mod_date, reg_date, total_points, user_id) 
    values
        (?, ?, ?, ?)
Hibernate: 
    insert 
    into
        user
        (mod_date, reg_date, total_points, user_id) 
    values
        (?, ?, ?, ?)
Hibernate: 
    insert 
    into
        place
        (place_id) 
    values
        (?)
Hibernate: 
    insert 
    into
        review
        (mod_date, reg_date, content, place_id, review_id, user_id) 
    values
        (?, ?, ?, ?, ?, ?)
Hibernate: 
    insert 
    into
        point
        (mod_date, reg_date, user_id, value, type) 
    values
        (?, ?, ?, ?, 'REVIEW')
Hibernate: 
    insert 
    into
        review_point
        (place_id, id) 
    values
        (?, ?)
Hibernate: 
    insert 
    into
        point
        (mod_date, reg_date, user_id, value, type) 
    values
        (?, ?, ?, ?, 'REVIEW')
Hibernate: 
    insert 
    into
        review_point
        (place_id, id) 
    values
        (?, ?)
Hibernate: 
    insert 
    into
        point
        (mod_date, reg_date, user_id, value, type) 
    values
        (?, ?, ?, ?, 'REVIEW')
Hibernate: 
    insert 
    into
        review_point
        (place_id, id) 
    values
        (?, ?)
Hibernate: 
    select
        reviewpoin0_.id as id2_2_,
        reviewpoin0_1_.mod_date as mod_date3_2_,
        reviewpoin0_1_.reg_date as reg_date4_2_,
        reviewpoin0_1_.user_id as user_id6_2_,
        reviewpoin0_1_.value as value5_2_,
        reviewpoin0_.place_id as place_id2_4_ 
    from
        review_point reviewpoin0_ 
    inner join
        point reviewpoin0_1_ 
            on reviewpoin0_.id=reviewpoin0_1_.id 
    where
        reviewpoin0_1_.user_id=? 
        and reviewpoin0_.place_id=?
Hibernate: 
    select
        attachedph0_.id as id1_0_,
        attachedph0_.attached_photo_id as attached2_0_,
        attachedph0_.review_id as review_i3_0_ 
    from
        attached_photo attachedph0_
Hibernate: 
    select
        review0_.id as id1_3_,
        review0_.mod_date as mod_date2_3_,
        review0_.reg_date as reg_date3_3_,
        review0_.content as content4_3_,
        review0_.place_id as place_id6_3_,
        review0_.review_id as review_i5_3_,
        review0_.user_id as user_id7_3_ 
    from
        review review0_
Hibernate: 
    select
        place0_.id as id1_1_,
        place0_.place_id as place_id2_1_ 
    from
        place place0_
2022-06-27 15:23:20.884  INFO 24364 --- [    Test worker] o.s.t.c.transaction.TransactionContext   : Rolled back transaction for test: [DefaultTestContext@27a0a5a2 testClass = ReviewEventServiceTest, testInstance = kong.service.ReviewEventServiceTest@3ecc9baa, testMethod = reviewPointsByUserIdAndPlaceIdIfUserOver2@ReviewEventServiceTest, testException = [null], mergedContextConfiguration = [WebMergedContextConfiguration@7692cd34 testClass = ReviewEventServiceTest, locations = '{}', classes = '{class kong.TripleApiApplication}', contextInitializerClasses = '[]', activeProfiles = '{}', propertySourceLocations = '{}', propertySourceProperties = '{org.springframework.boot.test.context.SpringBootTestContextBootstrapper=true}', contextCustomizers = set[org.springframework.boot.test.autoconfigure.actuate.metrics.MetricsExportContextCustomizerFactory$DisableMetricExportContextCustomizer@183e8023, org.springframework.boot.test.autoconfigure.properties.PropertyMappingContextCustomizer@0, org.springframework.boot.test.autoconfigure.web.servlet.WebDriverContextCustomizerFactory$Customizer@56bca85b, org.springframework.boot.test.context.filter.ExcludeFilterContextCustomizer@22b53226, org.springframework.boot.test.json.DuplicateJsonObjectContextCustomizerFactory$DuplicateJsonObjectContextCustomizer@ea9b7c6, org.springframework.boot.test.mock.mockito.MockitoContextCustomizer@0, org.springframework.boot.test.web.client.TestRestTemplateContextCustomizer@41813449, org.springframework.boot.test.context.SpringBootTestArgs@1, org.springframework.boot.test.context.SpringBootTestWebEnvironment@1ec9bd38], resourceBasePath = 'src/main/webapp', contextLoader = 'org.springframework.boot.test.context.SpringBootContextLoader', parent = [null]], attributes = map['org.springframework.test.context.web.ServletTestExecutionListener.activateListener' -> true, 'org.springframework.test.context.web.ServletTestExecutionListener.populatedRequestContextHolder' -> true, 'org.springframework.test.context.web.ServletTestExecutionListener.resetRequestContextHolder' -> true, 'org.springframework.test.context.event.ApplicationEventsTestExecutionListener.recordApplicationEvents' -> false]]
2022-06-27 15:23:20.893  INFO 24364 --- [    Test worker] o.s.t.c.transaction.TransactionContext   : Began transaction (1) for test context [DefaultTestContext@27a0a5a2 testClass = ReviewEventServiceTest, testInstance = kong.service.ReviewEventServiceTest@579cfcc4, testMethod = bonusPointPlusOnePoint@ReviewEventServiceTest, testException = [null], mergedContextConfiguration = [WebMergedContextConfiguration@7692cd34 testClass = ReviewEventServiceTest, locations = '{}', classes = '{class kong.TripleApiApplication}', contextInitializerClasses = '[]', activeProfiles = '{}', propertySourceLocations = '{}', propertySourceProperties = '{org.springframework.boot.test.context.SpringBootTestContextBootstrapper=true}', contextCustomizers = set[org.springframework.boot.test.autoconfigure.actuate.metrics.MetricsExportContextCustomizerFactory$DisableMetricExportContextCustomizer@183e8023, org.springframework.boot.test.autoconfigure.properties.PropertyMappingContextCustomizer@0, org.springframework.boot.test.autoconfigure.web.servlet.WebDriverContextCustomizerFactory$Customizer@56bca85b, org.springframework.boot.test.context.filter.ExcludeFilterContextCustomizer@22b53226, org.springframework.boot.test.json.DuplicateJsonObjectContextCustomizerFactory$DuplicateJsonObjectContextCustomizer@ea9b7c6, org.springframework.boot.test.mock.mockito.MockitoContextCustomizer@0, org.springframework.boot.test.web.client.TestRestTemplateContextCustomizer@41813449, org.springframework.boot.test.context.SpringBootTestArgs@1, org.springframework.boot.test.context.SpringBootTestWebEnvironment@1ec9bd38], resourceBasePath = 'src/main/webapp', contextLoader = 'org.springframework.boot.test.context.SpringBootContextLoader', parent = [null]], attributes = map['org.springframework.test.context.web.ServletTestExecutionListener.activateListener' -> true, 'org.springframework.test.context.web.ServletTestExecutionListener.populatedRequestContextHolder' -> true, 'org.springframework.test.context.web.ServletTestExecutionListener.resetRequestContextHolder' -> true, 'org.springframework.test.context.event.ApplicationEventsTestExecutionListener.recordApplicationEvents' -> false]]; transaction manager [org.springframework.orm.jpa.JpaTransactionManager@6447dc25]; rollback [true]
Hibernate: 
    insert 
    into
        user
        (mod_date, reg_date, total_points, user_id) 
    values
        (?, ?, ?, ?)
Hibernate: 
    insert 
    into
        place
        (place_id) 
    values
        (?)
Hibernate: 
    insert 
    into
        review
        (mod_date, reg_date, content, place_id, review_id, user_id) 
    values
        (?, ?, ?, ?, ?, ?)
Hibernate: 
    select
        review0_.id as id1_3_0_,
        user1_.id as id1_5_1_,
        place2_.id as id1_1_2_,
        review0_.mod_date as mod_date2_3_0_,
        review0_.reg_date as reg_date3_3_0_,
        review0_.content as content4_3_0_,
        review0_.place_id as place_id6_3_0_,
        review0_.review_id as review_i5_3_0_,
        review0_.user_id as user_id7_3_0_,
        user1_.mod_date as mod_date2_5_1_,
        user1_.reg_date as reg_date3_5_1_,
        user1_.total_points as total_po4_5_1_,
        user1_.user_id as user_id5_5_1_,
        place2_.place_id as place_id2_1_2_ 
    from
        review review0_ 
    inner join
        user user1_ 
            on review0_.user_id=user1_.id 
    inner join
        place place2_ 
            on review0_.place_id=place2_.id 
    where
        review0_.review_id=?
Hibernate: 
    select
        review0_.id as id1_3_,
        review0_.mod_date as mod_date2_3_,
        review0_.reg_date as reg_date3_3_,
        review0_.content as content4_3_,
        review0_.place_id as place_id6_3_,
        review0_.review_id as review_i5_3_,
        review0_.user_id as user_id7_3_ 
    from
        review review0_ 
    where
        review0_.place_id=? 
    order by
        review0_.reg_date asc limit ?
Hibernate: 
    insert 
    into
        point
        (mod_date, reg_date, user_id, value, type) 
    values
        (?, ?, ?, ?, 'REVIEW')
Hibernate: 
    insert 
    into
        review_point
        (place_id, id) 
    values
        (?, ?)
Hibernate: 
    select
        attachedph0_.id as id1_0_,
        attachedph0_.attached_photo_id as attached2_0_,
        attachedph0_.review_id as review_i3_0_ 
    from
        attached_photo attachedph0_
Hibernate: 
    select
        review0_.id as id1_3_,
        review0_.mod_date as mod_date2_3_,
        review0_.reg_date as reg_date3_3_,
        review0_.content as content4_3_,
        review0_.place_id as place_id6_3_,
        review0_.review_id as review_i5_3_,
        review0_.user_id as user_id7_3_ 
    from
        review review0_
Hibernate: 
    select
        place0_.id as id1_1_,
        place0_.place_id as place_id2_1_ 
    from
        place place0_
2022-06-27 15:23:20.953  INFO 24364 --- [    Test worker] o.s.t.c.transaction.TransactionContext   : Rolled back transaction for test: [DefaultTestContext@27a0a5a2 testClass = ReviewEventServiceTest, testInstance = kong.service.ReviewEventServiceTest@579cfcc4, testMethod = bonusPointPlusOnePoint@ReviewEventServiceTest, testException = [null], mergedContextConfiguration = [WebMergedContextConfiguration@7692cd34 testClass = ReviewEventServiceTest, locations = '{}', classes = '{class kong.TripleApiApplication}', contextInitializerClasses = '[]', activeProfiles = '{}', propertySourceLocations = '{}', propertySourceProperties = '{org.springframework.boot.test.context.SpringBootTestContextBootstrapper=true}', contextCustomizers = set[org.springframework.boot.test.autoconfigure.actuate.metrics.MetricsExportContextCustomizerFactory$DisableMetricExportContextCustomizer@183e8023, org.springframework.boot.test.autoconfigure.properties.PropertyMappingContextCustomizer@0, org.springframework.boot.test.autoconfigure.web.servlet.WebDriverContextCustomizerFactory$Customizer@56bca85b, org.springframework.boot.test.context.filter.ExcludeFilterContextCustomizer@22b53226, org.springframework.boot.test.json.DuplicateJsonObjectContextCustomizerFactory$DuplicateJsonObjectContextCustomizer@ea9b7c6, org.springframework.boot.test.mock.mockito.MockitoContextCustomizer@0, org.springframework.boot.test.web.client.TestRestTemplateContextCustomizer@41813449, org.springframework.boot.test.context.SpringBootTestArgs@1, org.springframework.boot.test.context.SpringBootTestWebEnvironment@1ec9bd38], resourceBasePath = 'src/main/webapp', contextLoader = 'org.springframework.boot.test.context.SpringBootContextLoader', parent = [null]], attributes = map['org.springframework.test.context.web.ServletTestExecutionListener.activateListener' -> true, 'org.springframework.test.context.web.ServletTestExecutionListener.populatedRequestContextHolder' -> true, 'org.springframework.test.context.web.ServletTestExecutionListener.resetRequestContextHolder' -> true, 'org.springframework.test.context.event.ApplicationEventsTestExecutionListener.recordApplicationEvents' -> false]]
2022-06-27 15:23:20.957  INFO 24364 --- [    Test worker] o.s.t.c.transaction.TransactionContext   : Began transaction (1) for test context [DefaultTestContext@27a0a5a2 testClass = ReviewEventServiceTest, testInstance = kong.service.ReviewEventServiceTest@671561b9, testMethod = createReviewPointWhenAddReview@ReviewEventServiceTest, testException = [null], mergedContextConfiguration = [WebMergedContextConfiguration@7692cd34 testClass = ReviewEventServiceTest, locations = '{}', classes = '{class kong.TripleApiApplication}', contextInitializerClasses = '[]', activeProfiles = '{}', propertySourceLocations = '{}', propertySourceProperties = '{org.springframework.boot.test.context.SpringBootTestContextBootstrapper=true}', contextCustomizers = set[org.springframework.boot.test.autoconfigure.actuate.metrics.MetricsExportContextCustomizerFactory$DisableMetricExportContextCustomizer@183e8023, org.springframework.boot.test.autoconfigure.properties.PropertyMappingContextCustomizer@0, org.springframework.boot.test.autoconfigure.web.servlet.WebDriverContextCustomizerFactory$Customizer@56bca85b, org.springframework.boot.test.context.filter.ExcludeFilterContextCustomizer@22b53226, org.springframework.boot.test.json.DuplicateJsonObjectContextCustomizerFactory$DuplicateJsonObjectContextCustomizer@ea9b7c6, org.springframework.boot.test.mock.mockito.MockitoContextCustomizer@0, org.springframework.boot.test.web.client.TestRestTemplateContextCustomizer@41813449, org.springframework.boot.test.context.SpringBootTestArgs@1, org.springframework.boot.test.context.SpringBootTestWebEnvironment@1ec9bd38], resourceBasePath = 'src/main/webapp', contextLoader = 'org.springframework.boot.test.context.SpringBootContextLoader', parent = [null]], attributes = map['org.springframework.test.context.web.ServletTestExecutionListener.activateListener' -> true, 'org.springframework.test.context.web.ServletTestExecutionListener.populatedRequestContextHolder' -> true, 'org.springframework.test.context.web.ServletTestExecutionListener.resetRequestContextHolder' -> true, 'org.springframework.test.context.event.ApplicationEventsTestExecutionListener.recordApplicationEvents' -> false]]; transaction manager [org.springframework.orm.jpa.JpaTransactionManager@6447dc25]; rollback [true]
Hibernate: 
    insert 
    into
        user
        (mod_date, reg_date, total_points, user_id) 
    values
        (?, ?, ?, ?)
Hibernate: 
    insert 
    into
        place
        (place_id) 
    values
        (?)
Hibernate: 
    insert 
    into
        review
        (mod_date, reg_date, content, place_id, review_id, user_id) 
    values
        (?, ?, ?, ?, ?, ?)
Hibernate: 
    select
        review0_.id as id1_3_0_,
        user1_.id as id1_5_1_,
        place2_.id as id1_1_2_,
        review0_.mod_date as mod_date2_3_0_,
        review0_.reg_date as reg_date3_3_0_,
        review0_.content as content4_3_0_,
        review0_.place_id as place_id6_3_0_,
        review0_.review_id as review_i5_3_0_,
        review0_.user_id as user_id7_3_0_,
        user1_.mod_date as mod_date2_5_1_,
        user1_.reg_date as reg_date3_5_1_,
        user1_.total_points as total_po4_5_1_,
        user1_.user_id as user_id5_5_1_,
        place2_.place_id as place_id2_1_2_ 
    from
        review review0_ 
    inner join
        user user1_ 
            on review0_.user_id=user1_.id 
    inner join
        place place2_ 
            on review0_.place_id=place2_.id 
    where
        review0_.review_id=?
Hibernate: 
    select
        review0_.id as id1_3_,
        review0_.mod_date as mod_date2_3_,
        review0_.reg_date as reg_date3_3_,
        review0_.content as content4_3_,
        review0_.place_id as place_id6_3_,
        review0_.review_id as review_i5_3_,
        review0_.user_id as user_id7_3_ 
    from
        review review0_ 
    where
        review0_.place_id=? 
    order by
        review0_.reg_date asc limit ?
Hibernate: 
    insert 
    into
        point
        (mod_date, reg_date, user_id, value, type) 
    values
        (?, ?, ?, ?, 'REVIEW')
Hibernate: 
    insert 
    into
        review_point
        (place_id, id) 
    values
        (?, ?)
Hibernate: 
    select
        reviewpoin0_.id as id2_2_,
        reviewpoin0_1_.mod_date as mod_date3_2_,
        reviewpoin0_1_.reg_date as reg_date4_2_,
        reviewpoin0_1_.user_id as user_id6_2_,
        reviewpoin0_1_.value as value5_2_,
        reviewpoin0_.place_id as place_id2_4_ 
    from
        review_point reviewpoin0_ 
    inner join
        point reviewpoin0_1_ 
            on reviewpoin0_.id=reviewpoin0_1_.id 
    where
        reviewpoin0_1_.user_id=? 
        and reviewpoin0_.place_id=?
Hibernate: 
    select
        attachedph0_.id as id1_0_,
        attachedph0_.attached_photo_id as attached2_0_,
        attachedph0_.review_id as review_i3_0_ 
    from
        attached_photo attachedph0_
Hibernate: 
    select
        review0_.id as id1_3_,
        review0_.mod_date as mod_date2_3_,
        review0_.reg_date as reg_date3_3_,
        review0_.content as content4_3_,
        review0_.place_id as place_id6_3_,
        review0_.review_id as review_i5_3_,
        review0_.user_id as user_id7_3_ 
    from
        review review0_
Hibernate: 
    select
        place0_.id as id1_1_,
        place0_.place_id as place_id2_1_ 
    from
        place place0_
2022-06-27 15:23:20.986  INFO 24364 --- [    Test worker] o.s.t.c.transaction.TransactionContext   : Rolled back transaction for test: [DefaultTestContext@27a0a5a2 testClass = ReviewEventServiceTest, testInstance = kong.service.ReviewEventServiceTest@671561b9, testMethod = createReviewPointWhenAddReview@ReviewEventServiceTest, testException = [null], mergedContextConfiguration = [WebMergedContextConfiguration@7692cd34 testClass = ReviewEventServiceTest, locations = '{}', classes = '{class kong.TripleApiApplication}', contextInitializerClasses = '[]', activeProfiles = '{}', propertySourceLocations = '{}', propertySourceProperties = '{org.springframework.boot.test.context.SpringBootTestContextBootstrapper=true}', contextCustomizers = set[org.springframework.boot.test.autoconfigure.actuate.metrics.MetricsExportContextCustomizerFactory$DisableMetricExportContextCustomizer@183e8023, org.springframework.boot.test.autoconfigure.properties.PropertyMappingContextCustomizer@0, org.springframework.boot.test.autoconfigure.web.servlet.WebDriverContextCustomizerFactory$Customizer@56bca85b, org.springframework.boot.test.context.filter.ExcludeFilterContextCustomizer@22b53226, org.springframework.boot.test.json.DuplicateJsonObjectContextCustomizerFactory$DuplicateJsonObjectContextCustomizer@ea9b7c6, org.springframework.boot.test.mock.mockito.MockitoContextCustomizer@0, org.springframework.boot.test.web.client.TestRestTemplateContextCustomizer@41813449, org.springframework.boot.test.context.SpringBootTestArgs@1, org.springframework.boot.test.context.SpringBootTestWebEnvironment@1ec9bd38], resourceBasePath = 'src/main/webapp', contextLoader = 'org.springframework.boot.test.context.SpringBootContextLoader', parent = [null]], attributes = map['org.springframework.test.context.web.ServletTestExecutionListener.activateListener' -> true, 'org.springframework.test.context.web.ServletTestExecutionListener.populatedRequestContextHolder' -> true, 'org.springframework.test.context.web.ServletTestExecutionListener.resetRequestContextHolder' -> true, 'org.springframework.test.context.event.ApplicationEventsTestExecutionListener.recordApplicationEvents' -> false]]
2022-06-27 15:23:20.991  INFO 24364 --- [    Test worker] o.s.t.c.transaction.TransactionContext   : Began transaction (1) for test context [DefaultTestContext@27a0a5a2 testClass = ReviewEventServiceTest, testInstance = kong.service.ReviewEventServiceTest@27b7913, testMethod = notCreateReviewPointWhenModifyReview@ReviewEventServiceTest, testException = [null], mergedContextConfiguration = [WebMergedContextConfiguration@7692cd34 testClass = ReviewEventServiceTest, locations = '{}', classes = '{class kong.TripleApiApplication}', contextInitializerClasses = '[]', activeProfiles = '{}', propertySourceLocations = '{}', propertySourceProperties = '{org.springframework.boot.test.context.SpringBootTestContextBootstrapper=true}', contextCustomizers = set[org.springframework.boot.test.autoconfigure.actuate.metrics.MetricsExportContextCustomizerFactory$DisableMetricExportContextCustomizer@183e8023, org.springframework.boot.test.autoconfigure.properties.PropertyMappingContextCustomizer@0, org.springframework.boot.test.autoconfigure.web.servlet.WebDriverContextCustomizerFactory$Customizer@56bca85b, org.springframework.boot.test.context.filter.ExcludeFilterContextCustomizer@22b53226, org.springframework.boot.test.json.DuplicateJsonObjectContextCustomizerFactory$DuplicateJsonObjectContextCustomizer@ea9b7c6, org.springframework.boot.test.mock.mockito.MockitoContextCustomizer@0, org.springframework.boot.test.web.client.TestRestTemplateContextCustomizer@41813449, org.springframework.boot.test.context.SpringBootTestArgs@1, org.springframework.boot.test.context.SpringBootTestWebEnvironment@1ec9bd38], resourceBasePath = 'src/main/webapp', contextLoader = 'org.springframework.boot.test.context.SpringBootContextLoader', parent = [null]], attributes = map['org.springframework.test.context.web.ServletTestExecutionListener.activateListener' -> true, 'org.springframework.test.context.web.ServletTestExecutionListener.populatedRequestContextHolder' -> true, 'org.springframework.test.context.web.ServletTestExecutionListener.resetRequestContextHolder' -> true, 'org.springframework.test.context.event.ApplicationEventsTestExecutionListener.recordApplicationEvents' -> false]]; transaction manager [org.springframework.orm.jpa.JpaTransactionManager@6447dc25]; rollback [true]
Hibernate: 
    insert 
    into
        user
        (mod_date, reg_date, total_points, user_id) 
    values
        (?, ?, ?, ?)
Hibernate: 
    insert 
    into
        place
        (place_id) 
    values
        (?)
Hibernate: 
    insert 
    into
        review
        (mod_date, reg_date, content, place_id, review_id, user_id) 
    values
        (?, ?, ?, ?, ?, ?)
Hibernate: 
    insert 
    into
        point
        (mod_date, reg_date, user_id, value, type) 
    values
        (?, ?, ?, ?, 'REVIEW')
Hibernate: 
    insert 
    into
        review_point
        (place_id, id) 
    values
        (?, ?)
Hibernate: 
    select
        review0_.id as id1_3_0_,
        user1_.id as id1_5_1_,
        place2_.id as id1_1_2_,
        review0_.mod_date as mod_date2_3_0_,
        review0_.reg_date as reg_date3_3_0_,
        review0_.content as content4_3_0_,
        review0_.place_id as place_id6_3_0_,
        review0_.review_id as review_i5_3_0_,
        review0_.user_id as user_id7_3_0_,
        user1_.mod_date as mod_date2_5_1_,
        user1_.reg_date as reg_date3_5_1_,
        user1_.total_points as total_po4_5_1_,
        user1_.user_id as user_id5_5_1_,
        place2_.place_id as place_id2_1_2_ 
    from
        review review0_ 
    inner join
        user user1_ 
            on review0_.user_id=user1_.id 
    inner join
        place place2_ 
            on review0_.place_id=place2_.id 
    where
        review0_.review_id=?
Hibernate: 
    select
        review0_.id as id1_3_,
        review0_.mod_date as mod_date2_3_,
        review0_.reg_date as reg_date3_3_,
        review0_.content as content4_3_,
        review0_.place_id as place_id6_3_,
        review0_.review_id as review_i5_3_,
        review0_.user_id as user_id7_3_ 
    from
        review review0_ 
    where
        review0_.place_id=? 
    order by
        review0_.reg_date asc limit ?
Hibernate: 
    select
        reviewpoin0_.id as id2_2_,
        reviewpoin0_1_.mod_date as mod_date3_2_,
        reviewpoin0_1_.reg_date as reg_date4_2_,
        reviewpoin0_1_.user_id as user_id6_2_,
        reviewpoin0_1_.value as value5_2_,
        reviewpoin0_.place_id as place_id2_4_ 
    from
        review_point reviewpoin0_ 
    inner join
        point reviewpoin0_1_ 
            on reviewpoin0_.id=reviewpoin0_1_.id 
    where
        reviewpoin0_1_.user_id=? 
        and reviewpoin0_.place_id=?
Hibernate: 
    select
        reviewpoin0_.id as id2_2_,
        reviewpoin0_1_.mod_date as mod_date3_2_,
        reviewpoin0_1_.reg_date as reg_date4_2_,
        reviewpoin0_1_.user_id as user_id6_2_,
        reviewpoin0_1_.value as value5_2_,
        reviewpoin0_.place_id as place_id2_4_ 
    from
        review_point reviewpoin0_ 
    inner join
        point reviewpoin0_1_ 
            on reviewpoin0_.id=reviewpoin0_1_.id 
    where
        reviewpoin0_1_.user_id=? 
        and reviewpoin0_.place_id=?
Hibernate: 
    select
        attachedph0_.id as id1_0_,
        attachedph0_.attached_photo_id as attached2_0_,
        attachedph0_.review_id as review_i3_0_ 
    from
        attached_photo attachedph0_
Hibernate: 
    select
        review0_.id as id1_3_,
        review0_.mod_date as mod_date2_3_,
        review0_.reg_date as reg_date3_3_,
        review0_.content as content4_3_,
        review0_.place_id as place_id6_3_,
        review0_.review_id as review_i5_3_,
        review0_.user_id as user_id7_3_ 
    from
        review review0_
Hibernate: 
    select
        place0_.id as id1_1_,
        place0_.place_id as place_id2_1_ 
    from
        place place0_
2022-06-27 15:23:21.031  INFO 24364 --- [    Test worker] o.s.t.c.transaction.TransactionContext   : Rolled back transaction for test: [DefaultTestContext@27a0a5a2 testClass = ReviewEventServiceTest, testInstance = kong.service.ReviewEventServiceTest@27b7913, testMethod = notCreateReviewPointWhenModifyReview@ReviewEventServiceTest, testException = [null], mergedContextConfiguration = [WebMergedContextConfiguration@7692cd34 testClass = ReviewEventServiceTest, locations = '{}', classes = '{class kong.TripleApiApplication}', contextInitializerClasses = '[]', activeProfiles = '{}', propertySourceLocations = '{}', propertySourceProperties = '{org.springframework.boot.test.context.SpringBootTestContextBootstrapper=true}', contextCustomizers = set[org.springframework.boot.test.autoconfigure.actuate.metrics.MetricsExportContextCustomizerFactory$DisableMetricExportContextCustomizer@183e8023, org.springframework.boot.test.autoconfigure.properties.PropertyMappingContextCustomizer@0, org.springframework.boot.test.autoconfigure.web.servlet.WebDriverContextCustomizerFactory$Customizer@56bca85b, org.springframework.boot.test.context.filter.ExcludeFilterContextCustomizer@22b53226, org.springframework.boot.test.json.DuplicateJsonObjectContextCustomizerFactory$DuplicateJsonObjectContextCustomizer@ea9b7c6, org.springframework.boot.test.mock.mockito.MockitoContextCustomizer@0, org.springframework.boot.test.web.client.TestRestTemplateContextCustomizer@41813449, org.springframework.boot.test.context.SpringBootTestArgs@1, org.springframework.boot.test.context.SpringBootTestWebEnvironment@1ec9bd38], resourceBasePath = 'src/main/webapp', contextLoader = 'org.springframework.boot.test.context.SpringBootContextLoader', parent = [null]], attributes = map['org.springframework.test.context.web.ServletTestExecutionListener.activateListener' -> true, 'org.springframework.test.context.web.ServletTestExecutionListener.populatedRequestContextHolder' -> true, 'org.springframework.test.context.web.ServletTestExecutionListener.resetRequestContextHolder' -> true, 'org.springframework.test.context.event.ApplicationEventsTestExecutionListener.recordApplicationEvents' -> false]]
2022-06-27 15:23:21.034  INFO 24364 --- [    Test worker] o.s.t.c.transaction.TransactionContext   : Began transaction (1) for test context [DefaultTestContext@27a0a5a2 testClass = ReviewEventServiceTest, testInstance = kong.service.ReviewEventServiceTest@c2ddfeb, testMethod = reviewPointsByUserIdAndPlaceIdIfPlaceOver2@ReviewEventServiceTest, testException = [null], mergedContextConfiguration = [WebMergedContextConfiguration@7692cd34 testClass = ReviewEventServiceTest, locations = '{}', classes = '{class kong.TripleApiApplication}', contextInitializerClasses = '[]', activeProfiles = '{}', propertySourceLocations = '{}', propertySourceProperties = '{org.springframework.boot.test.context.SpringBootTestContextBootstrapper=true}', contextCustomizers = set[org.springframework.boot.test.autoconfigure.actuate.metrics.MetricsExportContextCustomizerFactory$DisableMetricExportContextCustomizer@183e8023, org.springframework.boot.test.autoconfigure.properties.PropertyMappingContextCustomizer@0, org.springframework.boot.test.autoconfigure.web.servlet.WebDriverContextCustomizerFactory$Customizer@56bca85b, org.springframework.boot.test.context.filter.ExcludeFilterContextCustomizer@22b53226, org.springframework.boot.test.json.DuplicateJsonObjectContextCustomizerFactory$DuplicateJsonObjectContextCustomizer@ea9b7c6, org.springframework.boot.test.mock.mockito.MockitoContextCustomizer@0, org.springframework.boot.test.web.client.TestRestTemplateContextCustomizer@41813449, org.springframework.boot.test.context.SpringBootTestArgs@1, org.springframework.boot.test.context.SpringBootTestWebEnvironment@1ec9bd38], resourceBasePath = 'src/main/webapp', contextLoader = 'org.springframework.boot.test.context.SpringBootContextLoader', parent = [null]], attributes = map['org.springframework.test.context.web.ServletTestExecutionListener.activateListener' -> true, 'org.springframework.test.context.web.ServletTestExecutionListener.populatedRequestContextHolder' -> true, 'org.springframework.test.context.web.ServletTestExecutionListener.resetRequestContextHolder' -> true, 'org.springframework.test.context.event.ApplicationEventsTestExecutionListener.recordApplicationEvents' -> false]]; transaction manager [org.springframework.orm.jpa.JpaTransactionManager@6447dc25]; rollback [true]
Hibernate: 
    insert 
    into
        user
        (mod_date, reg_date, total_points, user_id) 
    values
        (?, ?, ?, ?)
Hibernate: 
    insert 
    into
        place
        (place_id) 
    values
        (?)
Hibernate: 
    insert 
    into
        place
        (place_id) 
    values
        (?)
Hibernate: 
    insert 
    into
        review
        (mod_date, reg_date, content, place_id, review_id, user_id) 
    values
        (?, ?, ?, ?, ?, ?)
Hibernate: 
    insert 
    into
        point
        (mod_date, reg_date, user_id, value, type) 
    values
        (?, ?, ?, ?, 'REVIEW')
Hibernate: 
    insert 
    into
        review_point
        (place_id, id) 
    values
        (?, ?)
Hibernate: 
    insert 
    into
        point
        (mod_date, reg_date, user_id, value, type) 
    values
        (?, ?, ?, ?, 'REVIEW')
Hibernate: 
    insert 
    into
        review_point
        (place_id, id) 
    values
        (?, ?)
Hibernate: 
    insert 
    into
        point
        (mod_date, reg_date, user_id, value, type) 
    values
        (?, ?, ?, ?, 'REVIEW')
Hibernate: 
    insert 
    into
        review_point
        (place_id, id) 
    values
        (?, ?)
Hibernate: 
    select
        reviewpoin0_.id as id2_2_,
        reviewpoin0_1_.mod_date as mod_date3_2_,
        reviewpoin0_1_.reg_date as reg_date4_2_,
        reviewpoin0_1_.user_id as user_id6_2_,
        reviewpoin0_1_.value as value5_2_,
        reviewpoin0_.place_id as place_id2_4_ 
    from
        review_point reviewpoin0_ 
    inner join
        point reviewpoin0_1_ 
            on reviewpoin0_.id=reviewpoin0_1_.id 
    where
        reviewpoin0_1_.user_id=? 
        and reviewpoin0_.place_id=?
Hibernate: 
    select
        attachedph0_.id as id1_0_,
        attachedph0_.attached_photo_id as attached2_0_,
        attachedph0_.review_id as review_i3_0_ 
    from
        attached_photo attachedph0_
Hibernate: 
    select
        review0_.id as id1_3_,
        review0_.mod_date as mod_date2_3_,
        review0_.reg_date as reg_date3_3_,
        review0_.content as content4_3_,
        review0_.place_id as place_id6_3_,
        review0_.review_id as review_i5_3_,
        review0_.user_id as user_id7_3_ 
    from
        review review0_
Hibernate: 
    select
        place0_.id as id1_1_,
        place0_.place_id as place_id2_1_ 
    from
        place place0_
2022-06-27 15:23:21.065  INFO 24364 --- [    Test worker] o.s.t.c.transaction.TransactionContext   : Rolled back transaction for test: [DefaultTestContext@27a0a5a2 testClass = ReviewEventServiceTest, testInstance = kong.service.ReviewEventServiceTest@c2ddfeb, testMethod = reviewPointsByUserIdAndPlaceIdIfPlaceOver2@ReviewEventServiceTest, testException = [null], mergedContextConfiguration = [WebMergedContextConfiguration@7692cd34 testClass = ReviewEventServiceTest, locations = '{}', classes = '{class kong.TripleApiApplication}', contextInitializerClasses = '[]', activeProfiles = '{}', propertySourceLocations = '{}', propertySourceProperties = '{org.springframework.boot.test.context.SpringBootTestContextBootstrapper=true}', contextCustomizers = set[org.springframework.boot.test.autoconfigure.actuate.metrics.MetricsExportContextCustomizerFactory$DisableMetricExportContextCustomizer@183e8023, org.springframework.boot.test.autoconfigure.properties.PropertyMappingContextCustomizer@0, org.springframework.boot.test.autoconfigure.web.servlet.WebDriverContextCustomizerFactory$Customizer@56bca85b, org.springframework.boot.test.context.filter.ExcludeFilterContextCustomizer@22b53226, org.springframework.boot.test.json.DuplicateJsonObjectContextCustomizerFactory$DuplicateJsonObjectContextCustomizer@ea9b7c6, org.springframework.boot.test.mock.mockito.MockitoContextCustomizer@0, org.springframework.boot.test.web.client.TestRestTemplateContextCustomizer@41813449, org.springframework.boot.test.context.SpringBootTestArgs@1, org.springframework.boot.test.context.SpringBootTestWebEnvironment@1ec9bd38], resourceBasePath = 'src/main/webapp', contextLoader = 'org.springframework.boot.test.context.SpringBootContextLoader', parent = [null]], attributes = map['org.springframework.test.context.web.ServletTestExecutionListener.activateListener' -> true, 'org.springframework.test.context.web.ServletTestExecutionListener.populatedRequestContextHolder' -> true, 'org.springframework.test.context.web.ServletTestExecutionListener.resetRequestContextHolder' -> true, 'org.springframework.test.context.event.ApplicationEventsTestExecutionListener.recordApplicationEvents' -> false]]
2022-06-27 15:23:21.068  INFO 24364 --- [    Test worker] o.s.t.c.transaction.TransactionContext   : Began transaction (1) for test context [DefaultTestContext@27a0a5a2 testClass = ReviewEventServiceTest, testInstance = kong.service.ReviewEventServiceTest@28a33dc9, testMethod = reviewDeleteMinusPoint@ReviewEventServiceTest, testException = [null], mergedContextConfiguration = [WebMergedContextConfiguration@7692cd34 testClass = ReviewEventServiceTest, locations = '{}', classes = '{class kong.TripleApiApplication}', contextInitializerClasses = '[]', activeProfiles = '{}', propertySourceLocations = '{}', propertySourceProperties = '{org.springframework.boot.test.context.SpringBootTestContextBootstrapper=true}', contextCustomizers = set[org.springframework.boot.test.autoconfigure.actuate.metrics.MetricsExportContextCustomizerFactory$DisableMetricExportContextCustomizer@183e8023, org.springframework.boot.test.autoconfigure.properties.PropertyMappingContextCustomizer@0, org.springframework.boot.test.autoconfigure.web.servlet.WebDriverContextCustomizerFactory$Customizer@56bca85b, org.springframework.boot.test.context.filter.ExcludeFilterContextCustomizer@22b53226, org.springframework.boot.test.json.DuplicateJsonObjectContextCustomizerFactory$DuplicateJsonObjectContextCustomizer@ea9b7c6, org.springframework.boot.test.mock.mockito.MockitoContextCustomizer@0, org.springframework.boot.test.web.client.TestRestTemplateContextCustomizer@41813449, org.springframework.boot.test.context.SpringBootTestArgs@1, org.springframework.boot.test.context.SpringBootTestWebEnvironment@1ec9bd38], resourceBasePath = 'src/main/webapp', contextLoader = 'org.springframework.boot.test.context.SpringBootContextLoader', parent = [null]], attributes = map['org.springframework.test.context.web.ServletTestExecutionListener.activateListener' -> true, 'org.springframework.test.context.web.ServletTestExecutionListener.populatedRequestContextHolder' -> true, 'org.springframework.test.context.web.ServletTestExecutionListener.resetRequestContextHolder' -> true, 'org.springframework.test.context.event.ApplicationEventsTestExecutionListener.recordApplicationEvents' -> false]]; transaction manager [org.springframework.orm.jpa.JpaTransactionManager@6447dc25]; rollback [true]
Hibernate: 
    insert 
    into
        user
        (mod_date, reg_date, total_points, user_id) 
    values
        (?, ?, ?, ?)
Hibernate: 
    insert 
    into
        place
        (place_id) 
    values
        (?)
Hibernate: 
    insert 
    into
        review
        (mod_date, reg_date, content, place_id, review_id, user_id) 
    values
        (?, ?, ?, ?, ?, ?)
Hibernate: 
    insert 
    into
        point
        (mod_date, reg_date, user_id, value, type) 
    values
        (?, ?, ?, ?, 'REVIEW')
Hibernate: 
    insert 
    into
        review_point
        (place_id, id) 
    values
        (?, ?)
Hibernate: 
    select
        review0_.id as id1_3_0_,
        user1_.id as id1_5_1_,
        place2_.id as id1_1_2_,
        review0_.mod_date as mod_date2_3_0_,
        review0_.reg_date as reg_date3_3_0_,
        review0_.content as content4_3_0_,
        review0_.place_id as place_id6_3_0_,
        review0_.review_id as review_i5_3_0_,
        review0_.user_id as user_id7_3_0_,
        user1_.mod_date as mod_date2_5_1_,
        user1_.reg_date as reg_date3_5_1_,
        user1_.total_points as total_po4_5_1_,
        user1_.user_id as user_id5_5_1_,
        place2_.place_id as place_id2_1_2_ 
    from
        review review0_ 
    inner join
        user user1_ 
            on review0_.user_id=user1_.id 
    inner join
        place place2_ 
            on review0_.place_id=place2_.id 
    where
        review0_.review_id=?
Hibernate: 
    select
        review0_.id as id1_3_,
        review0_.mod_date as mod_date2_3_,
        review0_.reg_date as reg_date3_3_,
        review0_.content as content4_3_,
        review0_.place_id as place_id6_3_,
        review0_.review_id as review_i5_3_,
        review0_.user_id as user_id7_3_ 
    from
        review review0_ 
    where
        review0_.place_id=? 
    order by
        review0_.reg_date asc limit ?
Hibernate: 
    insert 
    into
        point
        (mod_date, reg_date, user_id, value, type) 
    values
        (?, ?, ?, ?, 'REVIEW')
Hibernate: 
    insert 
    into
        review_point
        (place_id, id) 
    values
        (?, ?)
Hibernate: 
    select
        attachedph0_.id as id1_0_,
        attachedph0_.attached_photo_id as attached2_0_,
        attachedph0_.review_id as review_i3_0_ 
    from
        attached_photo attachedph0_
Hibernate: 
    select
        review0_.id as id1_3_,
        review0_.mod_date as mod_date2_3_,
        review0_.reg_date as reg_date3_3_,
        review0_.content as content4_3_,
        review0_.place_id as place_id6_3_,
        review0_.review_id as review_i5_3_,
        review0_.user_id as user_id7_3_ 
    from
        review review0_
Hibernate: 
    select
        place0_.id as id1_1_,
        place0_.place_id as place_id2_1_ 
    from
        place place0_
2022-06-27 15:23:21.093  INFO 24364 --- [    Test worker] o.s.t.c.transaction.TransactionContext   : Rolled back transaction for test: [DefaultTestContext@27a0a5a2 testClass = ReviewEventServiceTest, testInstance = kong.service.ReviewEventServiceTest@28a33dc9, testMethod = reviewDeleteMinusPoint@ReviewEventServiceTest, testException = [null], mergedContextConfiguration = [WebMergedContextConfiguration@7692cd34 testClass = ReviewEventServiceTest, locations = '{}', classes = '{class kong.TripleApiApplication}', contextInitializerClasses = '[]', activeProfiles = '{}', propertySourceLocations = '{}', propertySourceProperties = '{org.springframework.boot.test.context.SpringBootTestContextBootstrapper=true}', contextCustomizers = set[org.springframework.boot.test.autoconfigure.actuate.metrics.MetricsExportContextCustomizerFactory$DisableMetricExportContextCustomizer@183e8023, org.springframework.boot.test.autoconfigure.properties.PropertyMappingContextCustomizer@0, org.springframework.boot.test.autoconfigure.web.servlet.WebDriverContextCustomizerFactory$Customizer@56bca85b, org.springframework.boot.test.context.filter.ExcludeFilterContextCustomizer@22b53226, org.springframework.boot.test.json.DuplicateJsonObjectContextCustomizerFactory$DuplicateJsonObjectContextCustomizer@ea9b7c6, org.springframework.boot.test.mock.mockito.MockitoContextCustomizer@0, org.springframework.boot.test.web.client.TestRestTemplateContextCustomizer@41813449, org.springframework.boot.test.context.SpringBootTestArgs@1, org.springframework.boot.test.context.SpringBootTestWebEnvironment@1ec9bd38], resourceBasePath = 'src/main/webapp', contextLoader = 'org.springframework.boot.test.context.SpringBootContextLoader', parent = [null]], attributes = map['org.springframework.test.context.web.ServletTestExecutionListener.activateListener' -> true, 'org.springframework.test.context.web.ServletTestExecutionListener.populatedRequestContextHolder' -> true, 'org.springframework.test.context.web.ServletTestExecutionListener.resetRequestContextHolder' -> true, 'org.springframework.test.context.event.ApplicationEventsTestExecutionListener.recordApplicationEvents' -> false]]
2022-06-27 15:23:21.097  INFO 24364 --- [    Test worker] o.s.t.c.transaction.TransactionContext   : Began transaction (1) for test context [DefaultTestContext@27a0a5a2 testClass = ReviewEventServiceTest, testInstance = kong.service.ReviewEventServiceTest@797c67c, testMethod = onlyAttachedPhotosPlusOnePoint@ReviewEventServiceTest, testException = [null], mergedContextConfiguration = [WebMergedContextConfiguration@7692cd34 testClass = ReviewEventServiceTest, locations = '{}', classes = '{class kong.TripleApiApplication}', contextInitializerClasses = '[]', activeProfiles = '{}', propertySourceLocations = '{}', propertySourceProperties = '{org.springframework.boot.test.context.SpringBootTestContextBootstrapper=true}', contextCustomizers = set[org.springframework.boot.test.autoconfigure.actuate.metrics.MetricsExportContextCustomizerFactory$DisableMetricExportContextCustomizer@183e8023, org.springframework.boot.test.autoconfigure.properties.PropertyMappingContextCustomizer@0, org.springframework.boot.test.autoconfigure.web.servlet.WebDriverContextCustomizerFactory$Customizer@56bca85b, org.springframework.boot.test.context.filter.ExcludeFilterContextCustomizer@22b53226, org.springframework.boot.test.json.DuplicateJsonObjectContextCustomizerFactory$DuplicateJsonObjectContextCustomizer@ea9b7c6, org.springframework.boot.test.mock.mockito.MockitoContextCustomizer@0, org.springframework.boot.test.web.client.TestRestTemplateContextCustomizer@41813449, org.springframework.boot.test.context.SpringBootTestArgs@1, org.springframework.boot.test.context.SpringBootTestWebEnvironment@1ec9bd38], resourceBasePath = 'src/main/webapp', contextLoader = 'org.springframework.boot.test.context.SpringBootContextLoader', parent = [null]], attributes = map['org.springframework.test.context.web.ServletTestExecutionListener.activateListener' -> true, 'org.springframework.test.context.web.ServletTestExecutionListener.populatedRequestContextHolder' -> true, 'org.springframework.test.context.web.ServletTestExecutionListener.resetRequestContextHolder' -> true, 'org.springframework.test.context.event.ApplicationEventsTestExecutionListener.recordApplicationEvents' -> false]]; transaction manager [org.springframework.orm.jpa.JpaTransactionManager@6447dc25]; rollback [true]
Hibernate: 
    insert 
    into
        user
        (mod_date, reg_date, total_points, user_id) 
    values
        (?, ?, ?, ?)
Hibernate: 
    insert 
    into
        user
        (mod_date, reg_date, total_points, user_id) 
    values
        (?, ?, ?, ?)
Hibernate: 
    insert 
    into
        place
        (place_id) 
    values
        (?)
Hibernate: 
    insert 
    into
        review
        (mod_date, reg_date, content, place_id, review_id, user_id) 
    values
        (?, ?, ?, ?, ?, ?)
Hibernate: 
    insert 
    into
        review
        (mod_date, reg_date, content, place_id, review_id, user_id) 
    values
        (?, ?, ?, ?, ?, ?)
Hibernate: 
    insert 
    into
        attached_photo
        (attached_photo_id, review_id) 
    values
        (?, ?)
Hibernate: 
    select
        review0_.id as id1_3_0_,
        user1_.id as id1_5_1_,
        place2_.id as id1_1_2_,
        review0_.mod_date as mod_date2_3_0_,
        review0_.reg_date as reg_date3_3_0_,
        review0_.content as content4_3_0_,
        review0_.place_id as place_id6_3_0_,
        review0_.review_id as review_i5_3_0_,
        review0_.user_id as user_id7_3_0_,
        user1_.mod_date as mod_date2_5_1_,
        user1_.reg_date as reg_date3_5_1_,
        user1_.total_points as total_po4_5_1_,
        user1_.user_id as user_id5_5_1_,
        place2_.place_id as place_id2_1_2_ 
    from
        review review0_ 
    inner join
        user user1_ 
            on review0_.user_id=user1_.id 
    inner join
        place place2_ 
            on review0_.place_id=place2_.id 
    where
        review0_.review_id=?
Hibernate: 
    select
        review0_.id as id1_3_,
        review0_.mod_date as mod_date2_3_,
        review0_.reg_date as reg_date3_3_,
        review0_.content as content4_3_,
        review0_.place_id as place_id6_3_,
        review0_.review_id as review_i5_3_,
        review0_.user_id as user_id7_3_ 
    from
        review review0_ 
    where
        review0_.place_id=? 
    order by
        review0_.reg_date asc limit ?
Hibernate: 
    insert 
    into
        point
        (mod_date, reg_date, user_id, value, type) 
    values
        (?, ?, ?, ?, 'REVIEW')
Hibernate: 
    insert 
    into
        review_point
        (place_id, id) 
    values
        (?, ?)
Hibernate: 
    select
        attachedph0_.id as id1_0_,
        attachedph0_.attached_photo_id as attached2_0_,
        attachedph0_.review_id as review_i3_0_ 
    from
        attached_photo attachedph0_
Hibernate: 
    select
        review0_.id as id1_3_,
        review0_.mod_date as mod_date2_3_,
        review0_.reg_date as reg_date3_3_,
        review0_.content as content4_3_,
        review0_.place_id as place_id6_3_,
        review0_.review_id as review_i5_3_,
        review0_.user_id as user_id7_3_ 
    from
        review review0_
Hibernate: 
    select
        place0_.id as id1_1_,
        place0_.place_id as place_id2_1_ 
    from
        place place0_
2022-06-27 15:23:21.127  INFO 24364 --- [    Test worker] o.s.t.c.transaction.TransactionContext   : Rolled back transaction for test: [DefaultTestContext@27a0a5a2 testClass = ReviewEventServiceTest, testInstance = kong.service.ReviewEventServiceTest@797c67c, testMethod = onlyAttachedPhotosPlusOnePoint@ReviewEventServiceTest, testException = [null], mergedContextConfiguration = [WebMergedContextConfiguration@7692cd34 testClass = ReviewEventServiceTest, locations = '{}', classes = '{class kong.TripleApiApplication}', contextInitializerClasses = '[]', activeProfiles = '{}', propertySourceLocations = '{}', propertySourceProperties = '{org.springframework.boot.test.context.SpringBootTestContextBootstrapper=true}', contextCustomizers = set[org.springframework.boot.test.autoconfigure.actuate.metrics.MetricsExportContextCustomizerFactory$DisableMetricExportContextCustomizer@183e8023, org.springframework.boot.test.autoconfigure.properties.PropertyMappingContextCustomizer@0, org.springframework.boot.test.autoconfigure.web.servlet.WebDriverContextCustomizerFactory$Customizer@56bca85b, org.springframework.boot.test.context.filter.ExcludeFilterContextCustomizer@22b53226, org.springframework.boot.test.json.DuplicateJsonObjectContextCustomizerFactory$DuplicateJsonObjectContextCustomizer@ea9b7c6, org.springframework.boot.test.mock.mockito.MockitoContextCustomizer@0, org.springframework.boot.test.web.client.TestRestTemplateContextCustomizer@41813449, org.springframework.boot.test.context.SpringBootTestArgs@1, org.springframework.boot.test.context.SpringBootTestWebEnvironment@1ec9bd38], resourceBasePath = 'src/main/webapp', contextLoader = 'org.springframework.boot.test.context.SpringBootContextLoader', parent = [null]], attributes = map['org.springframework.test.context.web.ServletTestExecutionListener.activateListener' -> true, 'org.springframework.test.context.web.ServletTestExecutionListener.populatedRequestContextHolder' -> true, 'org.springframework.test.context.web.ServletTestExecutionListener.resetRequestContextHolder' -> true, 'org.springframework.test.context.event.ApplicationEventsTestExecutionListener.recordApplicationEvents' -> false]]
2022-06-27 15:23:21.131  INFO 24364 --- [    Test worker] o.s.t.c.transaction.TransactionContext   : Began transaction (1) for test context [DefaultTestContext@27a0a5a2 testClass = ReviewEventServiceTest, testInstance = kong.service.ReviewEventServiceTest@6527f68a, testMethod = createReviewPointWhenDeleteReview@ReviewEventServiceTest, testException = [null], mergedContextConfiguration = [WebMergedContextConfiguration@7692cd34 testClass = ReviewEventServiceTest, locations = '{}', classes = '{class kong.TripleApiApplication}', contextInitializerClasses = '[]', activeProfiles = '{}', propertySourceLocations = '{}', propertySourceProperties = '{org.springframework.boot.test.context.SpringBootTestContextBootstrapper=true}', contextCustomizers = set[org.springframework.boot.test.autoconfigure.actuate.metrics.MetricsExportContextCustomizerFactory$DisableMetricExportContextCustomizer@183e8023, org.springframework.boot.test.autoconfigure.properties.PropertyMappingContextCustomizer@0, org.springframework.boot.test.autoconfigure.web.servlet.WebDriverContextCustomizerFactory$Customizer@56bca85b, org.springframework.boot.test.context.filter.ExcludeFilterContextCustomizer@22b53226, org.springframework.boot.test.json.DuplicateJsonObjectContextCustomizerFactory$DuplicateJsonObjectContextCustomizer@ea9b7c6, org.springframework.boot.test.mock.mockito.MockitoContextCustomizer@0, org.springframework.boot.test.web.client.TestRestTemplateContextCustomizer@41813449, org.springframework.boot.test.context.SpringBootTestArgs@1, org.springframework.boot.test.context.SpringBootTestWebEnvironment@1ec9bd38], resourceBasePath = 'src/main/webapp', contextLoader = 'org.springframework.boot.test.context.SpringBootContextLoader', parent = [null]], attributes = map['org.springframework.test.context.web.ServletTestExecutionListener.activateListener' -> true, 'org.springframework.test.context.web.ServletTestExecutionListener.populatedRequestContextHolder' -> true, 'org.springframework.test.context.web.ServletTestExecutionListener.resetRequestContextHolder' -> true, 'org.springframework.test.context.event.ApplicationEventsTestExecutionListener.recordApplicationEvents' -> false]]; transaction manager [org.springframework.orm.jpa.JpaTransactionManager@6447dc25]; rollback [true]
Hibernate: 
    insert 
    into
        user
        (mod_date, reg_date, total_points, user_id) 
    values
        (?, ?, ?, ?)
Hibernate: 
    insert 
    into
        place
        (place_id) 
    values
        (?)
Hibernate: 
    insert 
    into
        review
        (mod_date, reg_date, content, place_id, review_id, user_id) 
    values
        (?, ?, ?, ?, ?, ?)
Hibernate: 
    insert 
    into
        point
        (mod_date, reg_date, user_id, value, type) 
    values
        (?, ?, ?, ?, 'REVIEW')
Hibernate: 
    insert 
    into
        review_point
        (place_id, id) 
    values
        (?, ?)
Hibernate: 
    select
        review0_.id as id1_3_0_,
        user1_.id as id1_5_1_,
        place2_.id as id1_1_2_,
        review0_.mod_date as mod_date2_3_0_,
        review0_.reg_date as reg_date3_3_0_,
        review0_.content as content4_3_0_,
        review0_.place_id as place_id6_3_0_,
        review0_.review_id as review_i5_3_0_,
        review0_.user_id as user_id7_3_0_,
        user1_.mod_date as mod_date2_5_1_,
        user1_.reg_date as reg_date3_5_1_,
        user1_.total_points as total_po4_5_1_,
        user1_.user_id as user_id5_5_1_,
        place2_.place_id as place_id2_1_2_ 
    from
        review review0_ 
    inner join
        user user1_ 
            on review0_.user_id=user1_.id 
    inner join
        place place2_ 
            on review0_.place_id=place2_.id 
    where
        review0_.review_id=?
Hibernate: 
    select
        review0_.id as id1_3_,
        review0_.mod_date as mod_date2_3_,
        review0_.reg_date as reg_date3_3_,
        review0_.content as content4_3_,
        review0_.place_id as place_id6_3_,
        review0_.review_id as review_i5_3_,
        review0_.user_id as user_id7_3_ 
    from
        review review0_ 
    where
        review0_.place_id=? 
    order by
        review0_.reg_date asc limit ?
Hibernate: 
    insert 
    into
        point
        (mod_date, reg_date, user_id, value, type) 
    values
        (?, ?, ?, ?, 'REVIEW')
Hibernate: 
    insert 
    into
        review_point
        (place_id, id) 
    values
        (?, ?)
Hibernate: 
    select
        reviewpoin0_.id as id2_2_,
        reviewpoin0_1_.mod_date as mod_date3_2_,
        reviewpoin0_1_.reg_date as reg_date4_2_,
        reviewpoin0_1_.user_id as user_id6_2_,
        reviewpoin0_1_.value as value5_2_,
        reviewpoin0_.place_id as place_id2_4_ 
    from
        review_point reviewpoin0_ 
    inner join
        point reviewpoin0_1_ 
            on reviewpoin0_.id=reviewpoin0_1_.id 
    where
        reviewpoin0_1_.user_id=? 
        and reviewpoin0_.place_id=?
Hibernate: 
    select
        attachedph0_.id as id1_0_,
        attachedph0_.attached_photo_id as attached2_0_,
        attachedph0_.review_id as review_i3_0_ 
    from
        attached_photo attachedph0_
Hibernate: 
    select
        review0_.id as id1_3_,
        review0_.mod_date as mod_date2_3_,
        review0_.reg_date as reg_date3_3_,
        review0_.content as content4_3_,
        review0_.place_id as place_id6_3_,
        review0_.review_id as review_i5_3_,
        review0_.user_id as user_id7_3_ 
    from
        review review0_
Hibernate: 
    select
        place0_.id as id1_1_,
        place0_.place_id as place_id2_1_ 
    from
        place place0_
2022-06-27 15:23:21.159  INFO 24364 --- [    Test worker] o.s.t.c.transaction.TransactionContext   : Rolled back transaction for test: [DefaultTestContext@27a0a5a2 testClass = ReviewEventServiceTest, testInstance = kong.service.ReviewEventServiceTest@6527f68a, testMethod = createReviewPointWhenDeleteReview@ReviewEventServiceTest, testException = [null], mergedContextConfiguration = [WebMergedContextConfiguration@7692cd34 testClass = ReviewEventServiceTest, locations = '{}', classes = '{class kong.TripleApiApplication}', contextInitializerClasses = '[]', activeProfiles = '{}', propertySourceLocations = '{}', propertySourceProperties = '{org.springframework.boot.test.context.SpringBootTestContextBootstrapper=true}', contextCustomizers = set[org.springframework.boot.test.autoconfigure.actuate.metrics.MetricsExportContextCustomizerFactory$DisableMetricExportContextCustomizer@183e8023, org.springframework.boot.test.autoconfigure.properties.PropertyMappingContextCustomizer@0, org.springframework.boot.test.autoconfigure.web.servlet.WebDriverContextCustomizerFactory$Customizer@56bca85b, org.springframework.boot.test.context.filter.ExcludeFilterContextCustomizer@22b53226, org.springframework.boot.test.json.DuplicateJsonObjectContextCustomizerFactory$DuplicateJsonObjectContextCustomizer@ea9b7c6, org.springframework.boot.test.mock.mockito.MockitoContextCustomizer@0, org.springframework.boot.test.web.client.TestRestTemplateContextCustomizer@41813449, org.springframework.boot.test.context.SpringBootTestArgs@1, org.springframework.boot.test.context.SpringBootTestWebEnvironment@1ec9bd38], resourceBasePath = 'src/main/webapp', contextLoader = 'org.springframework.boot.test.context.SpringBootContextLoader', parent = [null]], attributes = map['org.springframework.test.context.web.ServletTestExecutionListener.activateListener' -> true, 'org.springframework.test.context.web.ServletTestExecutionListener.populatedRequestContextHolder' -> true, 'org.springframework.test.context.web.ServletTestExecutionListener.resetRequestContextHolder' -> true, 'org.springframework.test.context.event.ApplicationEventsTestExecutionListener.recordApplicationEvents' -> false]]
2022-06-27 15:23:21.161  INFO 24364 --- [    Test worker] o.s.t.c.transaction.TransactionContext   : Began transaction (1) for test context [DefaultTestContext@27a0a5a2 testClass = ReviewEventServiceTest, testInstance = kong.service.ReviewEventServiceTest@6c4eccd2, testMethod = notBonusPoint@ReviewEventServiceTest, testException = [null], mergedContextConfiguration = [WebMergedContextConfiguration@7692cd34 testClass = ReviewEventServiceTest, locations = '{}', classes = '{class kong.TripleApiApplication}', contextInitializerClasses = '[]', activeProfiles = '{}', propertySourceLocations = '{}', propertySourceProperties = '{org.springframework.boot.test.context.SpringBootTestContextBootstrapper=true}', contextCustomizers = set[org.springframework.boot.test.autoconfigure.actuate.metrics.MetricsExportContextCustomizerFactory$DisableMetricExportContextCustomizer@183e8023, org.springframework.boot.test.autoconfigure.properties.PropertyMappingContextCustomizer@0, org.springframework.boot.test.autoconfigure.web.servlet.WebDriverContextCustomizerFactory$Customizer@56bca85b, org.springframework.boot.test.context.filter.ExcludeFilterContextCustomizer@22b53226, org.springframework.boot.test.json.DuplicateJsonObjectContextCustomizerFactory$DuplicateJsonObjectContextCustomizer@ea9b7c6, org.springframework.boot.test.mock.mockito.MockitoContextCustomizer@0, org.springframework.boot.test.web.client.TestRestTemplateContextCustomizer@41813449, org.springframework.boot.test.context.SpringBootTestArgs@1, org.springframework.boot.test.context.SpringBootTestWebEnvironment@1ec9bd38], resourceBasePath = 'src/main/webapp', contextLoader = 'org.springframework.boot.test.context.SpringBootContextLoader', parent = [null]], attributes = map['org.springframework.test.context.web.ServletTestExecutionListener.activateListener' -> true, 'org.springframework.test.context.web.ServletTestExecutionListener.populatedRequestContextHolder' -> true, 'org.springframework.test.context.web.ServletTestExecutionListener.resetRequestContextHolder' -> true, 'org.springframework.test.context.event.ApplicationEventsTestExecutionListener.recordApplicationEvents' -> false]]; transaction manager [org.springframework.orm.jpa.JpaTransactionManager@6447dc25]; rollback [true]
Hibernate: 
    insert 
    into
        user
        (mod_date, reg_date, total_points, user_id) 
    values
        (?, ?, ?, ?)
Hibernate: 
    insert 
    into
        user
        (mod_date, reg_date, total_points, user_id) 
    values
        (?, ?, ?, ?)
Hibernate: 
    insert 
    into
        place
        (place_id) 
    values
        (?)
Hibernate: 
    insert 
    into
        review
        (mod_date, reg_date, content, place_id, review_id, user_id) 
    values
        (?, ?, ?, ?, ?, ?)
Hibernate: 
    insert 
    into
        review
        (mod_date, reg_date, content, place_id, review_id, user_id) 
    values
        (?, ?, ?, ?, ?, ?)
Hibernate: 
    select
        review0_.id as id1_3_0_,
        user1_.id as id1_5_1_,
        place2_.id as id1_1_2_,
        review0_.mod_date as mod_date2_3_0_,
        review0_.reg_date as reg_date3_3_0_,
        review0_.content as content4_3_0_,
        review0_.place_id as place_id6_3_0_,
        review0_.review_id as review_i5_3_0_,
        review0_.user_id as user_id7_3_0_,
        user1_.mod_date as mod_date2_5_1_,
        user1_.reg_date as reg_date3_5_1_,
        user1_.total_points as total_po4_5_1_,
        user1_.user_id as user_id5_5_1_,
        place2_.place_id as place_id2_1_2_ 
    from
        review review0_ 
    inner join
        user user1_ 
            on review0_.user_id=user1_.id 
    inner join
        place place2_ 
            on review0_.place_id=place2_.id 
    where
        review0_.review_id=?
Hibernate: 
    select
        review0_.id as id1_3_,
        review0_.mod_date as mod_date2_3_,
        review0_.reg_date as reg_date3_3_,
        review0_.content as content4_3_,
        review0_.place_id as place_id6_3_,
        review0_.review_id as review_i5_3_,
        review0_.user_id as user_id7_3_ 
    from
        review review0_ 
    where
        review0_.place_id=? 
    order by
        review0_.reg_date asc limit ?
Hibernate: 
    insert 
    into
        point
        (mod_date, reg_date, user_id, value, type) 
    values
        (?, ?, ?, ?, 'REVIEW')
Hibernate: 
    insert 
    into
        review_point
        (place_id, id) 
    values
        (?, ?)
Hibernate: 
    select
        attachedph0_.id as id1_0_,
        attachedph0_.attached_photo_id as attached2_0_,
        attachedph0_.review_id as review_i3_0_ 
    from
        attached_photo attachedph0_
Hibernate: 
    select
        review0_.id as id1_3_,
        review0_.mod_date as mod_date2_3_,
        review0_.reg_date as reg_date3_3_,
        review0_.content as content4_3_,
        review0_.place_id as place_id6_3_,
        review0_.review_id as review_i5_3_,
        review0_.user_id as user_id7_3_ 
    from
        review review0_
Hibernate: 
    select
        place0_.id as id1_1_,
        place0_.place_id as place_id2_1_ 
    from
        place place0_
[...]
Hibernate: 
    insert 
    into
        point
        (mod_date, reg_date, user_id, value, type) 
    values
        (?, ?, ?, ?, 'REVIEW')
Hibernate: 
    insert 
    into
        review_point
        (place_id, id) 
    values
        (?, ?)
Hibernate: 
    select
        attachedph0_.id as id1_0_,
        attachedph0_.attached_photo_id as attached2_0_,
        attachedph0_.review_id as review_i3_0_ 
    from
        attached_photo attachedph0_
Hibernate: 
    select
        review0_.id as id1_3_,
        review0_.mod_date as mod_date2_3_,
        review0_.reg_date as reg_date3_3_,
        review0_.content as content4_3_,
        review0_.place_id as place_id6_3_,
        review0_.review_id as review_i5_3_,
        review0_.user_id as user_id7_3_ 
    from
        review review0_
Hibernate: 
    select
        place0_.id as id1_1_,
        place0_.place_id as place_id2_1_ 
    from
        place place0_
2022-06-27 15:23:21.277  INFO 24364 --- [    Test worker] o.s.t.c.transaction.TransactionContext   : Rolled back transaction for test: [DefaultTestContext@27a0a5a2 testClass = ReviewEventServiceTest, testInstance = kong.service.ReviewEventServiceTest@18a349cb, testMethod = reviewModifyPlusPoint@ReviewEventServiceTest, testException = [null], mergedContextConfiguration = [WebMergedContextConfiguration@7692cd34 testClass = ReviewEventServiceTest, locations = '{}', classes = '{class kong.TripleApiApplication}', contextInitializerClasses = '[]', activeProfiles = '{}', propertySourceLocations = '{}', propertySourceProperties = '{org.springframework.boot.test.context.SpringBootTestContextBootstrapper=true}', contextCustomizers = set[org.springframework.boot.test.autoconfigure.actuate.metrics.MetricsExportContextCustomizerFactory$DisableMetricExportContextCustomizer@183e8023, org.springframework.boot.test.autoconfigure.properties.PropertyMappingContextCustomizer@0, org.springframework.boot.test.autoconfigure.web.servlet.WebDriverContextCustomizerFactory$Customizer@56bca85b, org.springframework.boot.test.context.filter.ExcludeFilterContextCustomizer@22b53226, org.springframework.boot.test.json.DuplicateJsonObjectContextCustomizerFactory$DuplicateJsonObjectContextCustomizer@ea9b7c6, org.springframework.boot.test.mock.mockito.MockitoContextCustomizer@0, org.springframework.boot.test.web.client.TestRestTemplateContextCustomizer@41813449, org.springframework.boot.test.context.SpringBootTestArgs@1, org.springframework.boot.test.context.SpringBootTestWebEnvironment@1ec9bd38], resourceBasePath = 'src/main/webapp', contextLoader = 'org.springframework.boot.test.context.SpringBootContextLoader', parent = [null]], attributes = map['org.springframework.test.context.web.ServletTestExecutionListener.activateListener' -> true, 'org.springframework.test.context.web.ServletTestExecutionListener.populatedRequestContextHolder' -> true, 'org.springframework.test.context.web.ServletTestExecutionListener.resetRequestContextHolder' -> true, 'org.springframework.test.context.event.ApplicationEventsTestExecutionListener.recordApplicationEvents' -> false]]
2022-06-27 15:23:21.280  INFO 24364 --- [    Test worker] o.s.t.c.transaction.TransactionContext   : Began transaction (1) for test context [DefaultTestContext@27a0a5a2 testClass = ReviewEventServiceTest, testInstance = kong.service.ReviewEventServiceTest@64c79b69, testMethod = createReviewPointWhenModifyReview@ReviewEventServiceTest, testException = [null], mergedContextConfiguration = [WebMergedContextConfiguration@7692cd34 testClass = ReviewEventServiceTest, locations = '{}', classes = '{class kong.TripleApiApplication}', contextInitializerClasses = '[]', activeProfiles = '{}', propertySourceLocations = '{}', propertySourceProperties = '{org.springframework.boot.test.context.SpringBootTestContextBootstrapper=true}', contextCustomizers = set[org.springframework.boot.test.autoconfigure.actuate.metrics.MetricsExportContextCustomizerFactory$DisableMetricExportContextCustomizer@183e8023, org.springframework.boot.test.autoconfigure.properties.PropertyMappingContextCustomizer@0, org.springframework.boot.test.autoconfigure.web.servlet.WebDriverContextCustomizerFactory$Customizer@56bca85b, org.springframework.boot.test.context.filter.ExcludeFilterContextCustomizer@22b53226, org.springframework.boot.test.json.DuplicateJsonObjectContextCustomizerFactory$DuplicateJsonObjectContextCustomizer@ea9b7c6, org.springframework.boot.test.mock.mockito.MockitoContextCustomizer@0, org.springframework.boot.test.web.client.TestRestTemplateContextCustomizer@41813449, org.springframework.boot.test.context.SpringBootTestArgs@1, org.springframework.boot.test.context.SpringBootTestWebEnvironment@1ec9bd38], resourceBasePath = 'src/main/webapp', contextLoader = 'org.springframework.boot.test.context.SpringBootContextLoader', parent = [null]], attributes = map['org.springframework.test.context.web.ServletTestExecutionListener.activateListener' -> true, 'org.springframework.test.context.web.ServletTestExecutionListener.populatedRequestContextHolder' -> true, 'org.springframework.test.context.web.ServletTestExecutionListener.resetRequestContextHolder' -> true, 'org.springframework.test.context.event.ApplicationEventsTestExecutionListener.recordApplicationEvents' -> false]]; transaction manager [org.springframework.orm.jpa.JpaTransactionManager@6447dc25]; rollback [true]
Hibernate: 
    insert 
    into
        user
        (mod_date, reg_date, total_points, user_id) 
    values
        (?, ?, ?, ?)
Hibernate: 
    insert 
    into
        place
        (place_id) 
    values
        (?)
Hibernate: 
    insert 
    into
        review
        (mod_date, reg_date, content, place_id, review_id, user_id) 
    values
        (?, ?, ?, ?, ?, ?)
Hibernate: 
    insert 
    into
        point
        (mod_date, reg_date, user_id, value, type) 
    values
        (?, ?, ?, ?, 'REVIEW')
Hibernate: 
    insert 
    into
        review_point
        (place_id, id) 
    values
        (?, ?)
Hibernate: 
    insert 
    into
        point
        (mod_date, reg_date, user_id, value, type) 
    values
        (?, ?, ?, ?, 'REVIEW')
Hibernate: 
    insert 
    into
        review_point
        (place_id, id) 
    values
        (?, ?)
Hibernate: 
    insert 
    into
        point
        (mod_date, reg_date, user_id, value, type) 
    values
        (?, ?, ?, ?, 'REVIEW')
Hibernate: 
    insert 
    into
        review_point
        (place_id, id) 
    values
        (?, ?)
Hibernate: 
    insert 
    into
        point
        (mod_date, reg_date, user_id, value, type) 
    values
        (?, ?, ?, ?, 'REVIEW')
Hibernate: 
    insert 
    into
        review_point
        (place_id, id) 
    values
        (?, ?)
Hibernate: 
    select
        review0_.id as id1_3_0_,
        user1_.id as id1_5_1_,
        place2_.id as id1_1_2_,
        review0_.mod_date as mod_date2_3_0_,
        review0_.reg_date as reg_date3_3_0_,
        review0_.content as content4_3_0_,
        review0_.place_id as place_id6_3_0_,
        review0_.review_id as review_i5_3_0_,
        review0_.user_id as user_id7_3_0_,
        user1_.mod_date as mod_date2_5_1_,
        user1_.reg_date as reg_date3_5_1_,
        user1_.total_points as total_po4_5_1_,
        user1_.user_id as user_id5_5_1_,
        place2_.place_id as place_id2_1_2_ 
    from
        review review0_ 
    inner join
        user user1_ 
            on review0_.user_id=user1_.id 
    inner join
        place place2_ 
            on review0_.place_id=place2_.id 
    where
        review0_.review_id=?
Hibernate: 
    select
        review0_.id as id1_3_,
        review0_.mod_date as mod_date2_3_,
        review0_.reg_date as reg_date3_3_,
        review0_.content as content4_3_,
        review0_.place_id as place_id6_3_,
        review0_.review_id as review_i5_3_,
        review0_.user_id as user_id7_3_ 
    from
        review review0_ 
    where
        review0_.place_id=? 
    order by
        review0_.reg_date asc limit ?
Hibernate: 
    select
        reviewpoin0_.id as id2_2_,
        reviewpoin0_1_.mod_date as mod_date3_2_,
        reviewpoin0_1_.reg_date as reg_date4_2_,
        reviewpoin0_1_.user_id as user_id6_2_,
        reviewpoin0_1_.value as value5_2_,
        reviewpoin0_.place_id as place_id2_4_ 
    from
        review_point reviewpoin0_ 
    inner join
        point reviewpoin0_1_ 
            on reviewpoin0_.id=reviewpoin0_1_.id 
    where
        reviewpoin0_1_.user_id=? 
        and reviewpoin0_.place_id=?
Hibernate: 
    insert 
    into
        point
        (mod_date, reg_date, user_id, value, type) 
    values
        (?, ?, ?, ?, 'REVIEW')
Hibernate: 
    insert 
    into
        review_point
        (place_id, id) 
    values
        (?, ?)
Hibernate: 
    select
        reviewpoin0_.id as id2_2_,
        reviewpoin0_1_.mod_date as mod_date3_2_,
        reviewpoin0_1_.reg_date as reg_date4_2_,
        reviewpoin0_1_.user_id as user_id6_2_,
        reviewpoin0_1_.value as value5_2_,
        reviewpoin0_.place_id as place_id2_4_ 
    from
        review_point reviewpoin0_ 
    inner join
        point reviewpoin0_1_ 
            on reviewpoin0_.id=reviewpoin0_1_.id 
    where
        reviewpoin0_1_.user_id=? 
        and reviewpoin0_.place_id=?
Hibernate: 
    select
        attachedph0_.id as id1_0_,
        attachedph0_.attached_photo_id as attached2_0_,
        attachedph0_.review_id as review_i3_0_ 
    from
        attached_photo attachedph0_
Hibernate: 
    select
        review0_.id as id1_3_,
        review0_.mod_date as mod_date2_3_,
        review0_.reg_date as reg_date3_3_,
        review0_.content as content4_3_,
        review0_.place_id as place_id6_3_,
        review0_.review_id as review_i5_3_,
        review0_.user_id as user_id7_3_ 
    from
        review review0_
Hibernate: 
    select
        place0_.id as id1_1_,
        place0_.place_id as place_id2_1_ 
    from
        place place0_
2022-06-27 15:23:21.313  INFO 24364 --- [    Test worker] o.s.t.c.transaction.TransactionContext   : Rolled back transaction for test: [DefaultTestContext@27a0a5a2 testClass = ReviewEventServiceTest, testInstance = kong.service.ReviewEventServiceTest@64c79b69, testMethod = createReviewPointWhenModifyReview@ReviewEventServiceTest, testException = [null], mergedContextConfiguration = [WebMergedContextConfiguration@7692cd34 testClass = ReviewEventServiceTest, locations = '{}', classes = '{class kong.TripleApiApplication}', contextInitializerClasses = '[]', activeProfiles = '{}', propertySourceLocations = '{}', propertySourceProperties = '{org.springframework.boot.test.context.SpringBootTestContextBootstrapper=true}', contextCustomizers = set[org.springframework.boot.test.autoconfigure.actuate.metrics.MetricsExportContextCustomizerFactory$DisableMetricExportContextCustomizer@183e8023, org.springframework.boot.test.autoconfigure.properties.PropertyMappingContextCustomizer@0, org.springframework.boot.test.autoconfigure.web.servlet.WebDriverContextCustomizerFactory$Customizer@56bca85b, org.springframework.boot.test.context.filter.ExcludeFilterContextCustomizer@22b53226, org.springframework.boot.test.json.DuplicateJsonObjectContextCustomizerFactory$DuplicateJsonObjectContextCustomizer@ea9b7c6, org.springframework.boot.test.mock.mockito.MockitoContextCustomizer@0, org.springframework.boot.test.web.client.TestRestTemplateContextCustomizer@41813449, org.springframework.boot.test.context.SpringBootTestArgs@1, org.springframework.boot.test.context.SpringBootTestWebEnvironment@1ec9bd38], resourceBasePath = 'src/main/webapp', contextLoader = 'org.springframework.boot.test.context.SpringBootContextLoader', parent = [null]], attributes = map['org.springframework.test.context.web.ServletTestExecutionListener.activateListener' -> true, 'org.springframework.test.context.web.ServletTestExecutionListener.populatedRequestContextHolder' -> true, 'org.springframework.test.context.web.ServletTestExecutionListener.resetRequestContextHolder' -> true, 'org.springframework.test.context.event.ApplicationEventsTestExecutionListener.recordApplicationEvents' -> false]]
2022-06-27 15:23:21.316  INFO 24364 --- [    Test worker] o.s.t.c.transaction.TransactionContext   : Began transaction (1) for test context [DefaultTestContext@27a0a5a2 testClass = ReviewEventServiceTest, testInstance = kong.service.ReviewEventServiceTest@445d4517, testMethod = contentAndAttachedPhotosPlusTwoPoint@ReviewEventServiceTest, testException = [null], mergedContextConfiguration = [WebMergedContextConfiguration@7692cd34 testClass = ReviewEventServiceTest, locations = '{}', classes = '{class kong.TripleApiApplication}', contextInitializerClasses = '[]', activeProfiles = '{}', propertySourceLocations = '{}', propertySourceProperties = '{org.springframework.boot.test.context.SpringBootTestContextBootstrapper=true}', contextCustomizers = set[org.springframework.boot.test.autoconfigure.actuate.metrics.MetricsExportContextCustomizerFactory$DisableMetricExportContextCustomizer@183e8023, org.springframework.boot.test.autoconfigure.properties.PropertyMappingContextCustomizer@0, org.springframework.boot.test.autoconfigure.web.servlet.WebDriverContextCustomizerFactory$Customizer@56bca85b, org.springframework.boot.test.context.filter.ExcludeFilterContextCustomizer@22b53226, org.springframework.boot.test.json.DuplicateJsonObjectContextCustomizerFactory$DuplicateJsonObjectContextCustomizer@ea9b7c6, org.springframework.boot.test.mock.mockito.MockitoContextCustomizer@0, org.springframework.boot.test.web.client.TestRestTemplateContextCustomizer@41813449, org.springframework.boot.test.context.SpringBootTestArgs@1, org.springframework.boot.test.context.SpringBootTestWebEnvironment@1ec9bd38], resourceBasePath = 'src/main/webapp', contextLoader = 'org.springframework.boot.test.context.SpringBootContextLoader', parent = [null]], attributes = map['org.springframework.test.context.web.ServletTestExecutionListener.activateListener' -> true, 'org.springframework.test.context.web.ServletTestExecutionListener.populatedRequestContextHolder' -> true, 'org.springframework.test.context.web.ServletTestExecutionListener.resetRequestContextHolder' -> true, 'org.springframework.test.context.event.ApplicationEventsTestExecutionListener.recordApplicationEvents' -> false]]; transaction manager [org.springframework.orm.jpa.JpaTransactionManager@6447dc25]; rollback [true]
Hibernate: 
    insert 
    into
        user
        (mod_date, reg_date, total_points, user_id) 
    values
        (?, ?, ?, ?)
Hibernate: 
    insert 
    into
        user
        (mod_date, reg_date, total_points, user_id) 
    values
        (?, ?, ?, ?)
Hibernate: 
    insert 
    into
        place
        (place_id) 
    values
        (?)
Hibernate: 
    insert 
    into
        review
        (mod_date, reg_date, content, place_id, review_id, user_id) 
    values
        (?, ?, ?, ?, ?, ?)
Hibernate: 
    insert 
    into
        review
        (mod_date, reg_date, content, place_id, review_id, user_id) 
    values
        (?, ?, ?, ?, ?, ?)
Hibernate: 
    insert 
    into
        attached_photo
        (attached_photo_id, review_id) 
    values
        (?, ?)
Hibernate: 
    select
        review0_.id as id1_3_0_,
        user1_.id as id1_5_1_,
        place2_.id as id1_1_2_,
        review0_.mod_date as mod_date2_3_0_,
        review0_.reg_date as reg_date3_3_0_,
        review0_.content as content4_3_0_,
        review0_.place_id as place_id6_3_0_,
        review0_.review_id as review_i5_3_0_,
        review0_.user_id as user_id7_3_0_,
        user1_.mod_date as mod_date2_5_1_,
        user1_.reg_date as reg_date3_5_1_,
        user1_.total_points as total_po4_5_1_,
        user1_.user_id as user_id5_5_1_,
        place2_.place_id as place_id2_1_2_ 
    from
        review review0_ 
    inner join
        user user1_ 
            on review0_.user_id=user1_.id 
    inner join
        place place2_ 
            on review0_.place_id=place2_.id 
    where
        review0_.review_id=?
Hibernate: 
    select
        review0_.id as id1_3_,
        review0_.mod_date as mod_date2_3_,
        review0_.reg_date as reg_date3_3_,
        review0_.content as content4_3_,
        review0_.place_id as place_id6_3_,
        review0_.review_id as review_i5_3_,
        review0_.user_id as user_id7_3_ 
    from
        review review0_ 
    where
        review0_.place_id=? 
    order by
        review0_.reg_date asc limit ?
Hibernate: 
    insert 
    into
        point
        (mod_date, reg_date, user_id, value, type) 
    values
        (?, ?, ?, ?, 'REVIEW')
Hibernate: 
    insert 
    into
        review_point
        (place_id, id) 
    values
        (?, ?)
Hibernate: 
    select
        attachedph0_.id as id1_0_,
        attachedph0_.attached_photo_id as attached2_0_,
        attachedph0_.review_id as review_i3_0_ 
    from
        attached_photo attachedph0_
Hibernate: 
    select
        review0_.id as id1_3_,
        review0_.mod_date as mod_date2_3_,
        review0_.reg_date as reg_date3_3_,
        review0_.content as content4_3_,
        review0_.place_id as place_id6_3_,
        review0_.review_id as review_i5_3_,
        review0_.user_id as user_id7_3_ 
    from
        review review0_
Hibernate: 
    select
        place0_.id as id1_1_,
        place0_.place_id as place_id2_1_ 
    from
        place place0_
2022-06-27 15:23:21.344  INFO 24364 --- [    Test worker] o.s.t.c.transaction.TransactionContext   : Rolled back transaction for test: [DefaultTestContext@27a0a5a2 testClass = ReviewEventServiceTest, testInstance = kong.service.ReviewEventServiceTest@445d4517, testMethod = contentAndAttachedPhotosPlusTwoPoint@ReviewEventServiceTest, testException = [null], mergedContextConfiguration = [WebMergedContextConfiguration@7692cd34 testClass = ReviewEventServiceTest, locations = '{}', classes = '{class kong.TripleApiApplication}', contextInitializerClasses = '[]', activeProfiles = '{}', propertySourceLocations = '{}', propertySourceProperties = '{org.springframework.boot.test.context.SpringBootTestContextBootstrapper=true}', contextCustomizers = set[org.springframework.boot.test.autoconfigure.actuate.metrics.MetricsExportContextCustomizerFactory$DisableMetricExportContextCustomizer@183e8023, org.springframework.boot.test.autoconfigure.properties.PropertyMappingContextCustomizer@0, org.springframework.boot.test.autoconfigure.web.servlet.WebDriverContextCustomizerFactory$Customizer@56bca85b, org.springframework.boot.test.context.filter.ExcludeFilterContextCustomizer@22b53226, org.springframework.boot.test.json.DuplicateJsonObjectContextCustomizerFactory$DuplicateJsonObjectContextCustomizer@ea9b7c6, org.springframework.boot.test.mock.mockito.MockitoContextCustomizer@0, org.springframework.boot.test.web.client.TestRestTemplateContextCustomizer@41813449, org.springframework.boot.test.context.SpringBootTestArgs@1, org.springframework.boot.test.context.SpringBootTestWebEnvironment@1ec9bd38], resourceBasePath = 'src/main/webapp', contextLoader = 'org.springframework.boot.test.context.SpringBootContextLoader', parent = [null]], attributes = map['org.springframework.test.context.web.ServletTestExecutionListener.activateListener' -> true, 'org.springframework.test.context.web.ServletTestExecutionListener.populatedRequestContextHolder' -> true, 'org.springframework.test.context.web.ServletTestExecutionListener.resetRequestContextHolder' -> true, 'org.springframework.test.context.event.ApplicationEventsTestExecutionListener.recordApplicationEvents' -> false]]
]]></system-out>
  <system-err><![CDATA[]]></system-err>
</testsuite>
